# JRE version: OpenJDK Runtime Environment (11.0.4+11) (build 11.0.4+11-post-Ubuntu-1ubuntu218.04.3)
# Java VM: OpenJDK 64-Bit Server VM (11.0.4+11-post-Ubuntu-1ubuntu218.04.3, mixed mode, sharing, tiered, compressed oops, g1 gc, linux-amd64)
Heap:
 garbage-first heap   total 163840K, used 33591K [0x00000000e3000000, 0x0000000100000000)
  region size 1024K, 1 young (1024K), 1 survivors (1024K)
 Metaspace       used 26868K, capacity 27586K, committed 27824K, reserved 1073152K
  class space    used 2989K, capacity 3248K, committed 3328K, reserved 1048576K
GC Heap History (10 events):
Event: 81,234 GC heap after
{Heap after GC invocations=36 (full 0):
 garbage-first heap   total 80896K, used 39408K [0x00000000e3000000, 0x0000000100000000)
  region size 1024K, 3 young (3072K), 3 survivors (3072K)
 Metaspace       used 26389K, capacity 27085K, committed 27312K, reserved 1073152K
  class space    used 2955K, capacity 3209K, committed 3328K, reserved 1048576K
}
Event: 90,330 GC heap before
{Heap before GC invocations=36 (full 0):
 garbage-first heap   total 80896K, used 40432K [0x00000000e3000000, 0x0000000100000000)
  region size 1024K, 4 young (4096K), 3 survivors (3072K)
 Metaspace       used 26473K, capacity 27249K, committed 27568K, reserved 1073152K
  class space    used 2961K, capacity 3241K, committed 3328K, reserved 1048576K
}
Event: 90,548 GC heap after
{Heap after GC invocations=37 (full 0):
 garbage-first heap   total 80896K, used 39680K [0x00000000e3000000, 0x0000000100000000)
  region size 1024K, 1 young (1024K), 1 survivors (1024K)
 Metaspace       used 26473K, capacity 27249K, committed 27568K, reserved 1073152K
  class space    used 2961K, capacity 3241K, committed 3328K, reserved 1048576K
}
Event: 92,792 GC heap before
{Heap before GC invocations=38 (full 0):
 garbage-first heap   total 80896K, used 39680K [0x00000000e3000000, 0x0000000100000000)
  region size 1024K, 3 young (3072K), 1 survivors (1024K)
 Metaspace       used 26602K, capacity 27316K, committed 27568K, reserved 1073152K
  class space    used 2977K, capacity 3242K, committed 3328K, reserved 1048576K
}
Event: 92,817 GC heap after
{Heap after GC invocations=39 (full 0):
 garbage-first heap   total 80896K, used 37583K [0x00000000e3000000, 0x0000000100000000)
  region size 1024K, 1 young (1024K), 1 survivors (1024K)
 Metaspace       used 26602K, capacity 27316K, committed 27568K, reserved 1073152K
  class space    used 2977K, capacity 3242K, committed 3328K, reserved 1048576K
}
Event: 96,790 GC heap before
{Heap before GC invocations=39 (full 0):
 garbage-first heap   total 80896K, used 39631K [0x00000000e3000000, 0x0000000100000000)
  region size 1024K, 3 young (3072K), 1 survivors (1024K)
 Metaspace       used 26840K, capacity 27576K, committed 27824K, reserved 1073152K
  class space    used 2988K, capacity 3246K, committed 3328K, reserved 1048576K
}
Event: 97,206 GC heap after
{Heap after GC invocations=40 (full 0):
 garbage-first heap   total 80896K, used 35885K [0x00000000e3000000, 0x0000000100000000)
  region size 1024K, 1 young (1024K), 1 survivors (1024K)
 Metaspace       used 26840K, capacity 27576K, committed 27824K, reserved 1073152K
  class space    used 2988K, capacity 3246K, committed 3328K, reserved 1048576K
}
Event: 97,942 GC heap before
{Heap before GC invocations=40 (full 0):
 garbage-first heap   total 80896K, used 37933K [0x00000000e3000000, 0x0000000100000000)
  region size 1024K, 3 young (3072K), 1 survivors (1024K)
 Metaspace       used 26854K, capacity 27576K, committed 27824K, reserved 1073152K
  class space    used 2988K, capacity 3246K, committed 3328K, reserved 1048576K
}
Event: 98,402 GC heap after
{Heap after GC invocations=41 (full 0):
 garbage-first heap   total 80896K, used 34307K [0x00000000e3000000, 0x0000000100000000)
  region size 1024K, 1 young (1024K), 1 survivors (1024K)
 Metaspace       used 26854K, capacity 27576K, committed 27824K, reserved 1073152K
  class space    used 2988K, capacity 3246K, committed 3328K, reserved 1048576K
}
Event: 102,593 GC heap before
{Heap before GC invocations=41 (full 0):
 garbage-first heap   total 80896K, used 36355K [0x00000000e3000000, 0x0000000100000000)
  region size 1024K, 3 young (3072K), 1 survivors (1024K)
 Metaspace       used 26868K, capacity 27586K, committed 27824K, reserved 1073152K
  class space    used 2989K, capacity 3248K, committed 3328K, reserved 1048576K
}

