# JRE version: OpenJDK Runtime Environment (11.0.4+11) (build 11.0.4+11-post-Ubuntu-1ubuntu218.04.3)
# Java VM: OpenJDK 64-Bit Server VM (11.0.4+11-post-Ubuntu-1ubuntu218.04.3, mixed mode, sharing, tiered, compressed oops, g1 gc, linux-amd64)
Heap:
 garbage-first heap   total 80896K, used 13033K [0x00000000e3000000, 0x0000000100000000)
  region size 1024K, 1 young (1024K), 1 survivors (1024K)
 Metaspace       used 13771K, capacity 15321K, committed 15744K, reserved 1062912K
  class space    used 1577K, capacity 1811K, committed 1920K, reserved 1048576K
GC Heap History (10 events):
Event: 16,148 GC heap after
{Heap after GC invocations=10 (full 0):
 garbage-first heap   total 48128K, used 9670K [0x00000000e3000000, 0x0000000100000000)
  region size 1024K, 3 young (3072K), 3 survivors (3072K)
 Metaspace       used 12837K, capacity 14516K, committed 14848K, reserved 1062912K
  class space    used 1502K, capacity 1735K, committed 1792K, reserved 1048576K
}
Event: 29,837 GC heap before
{Heap before GC invocations=10 (full 0):
 garbage-first heap   total 48128K, used 28102K [0x00000000e3000000, 0x0000000100000000)
  region size 1024K, 21 young (21504K), 3 survivors (3072K)
 Metaspace       used 13136K, capacity 14785K, committed 15104K, reserved 1062912K
  class space    used 1516K, capacity 1739K, committed 1792K, reserved 1048576K
}
Event: 29,947 GC heap after
{Heap after GC invocations=11 (full 0):
 garbage-first heap   total 48128K, used 10907K [0x00000000e3000000, 0x0000000100000000)
  region size 1024K, 3 young (3072K), 3 survivors (3072K)
 Metaspace       used 13136K, capacity 14785K, committed 15104K, reserved 1062912K
  class space    used 1516K, capacity 1739K, committed 1792K, reserved 1048576K
}
Event: 89,588 GC heap before
{Heap before GC invocations=11 (full 0):
 garbage-first heap   total 48128K, used 33435K [0x00000000e3000000, 0x0000000100000000)
  region size 1024K, 25 young (25600K), 3 survivors (3072K)
 Metaspace       used 13653K, capacity 15257K, committed 15488K, reserved 1062912K
  class space    used 1576K, capacity 1811K, committed 1920K, reserved 1048576K
}
Event: 89,792 GC heap after
{Heap after GC invocations=12 (full 0):
 garbage-first heap   total 48128K, used 12216K [0x00000000e3000000, 0x0000000100000000)
  region size 1024K, 3 young (3072K), 3 survivors (3072K)
 Metaspace       used 13653K, capacity 15257K, committed 15488K, reserved 1062912K
  class space    used 1576K, capacity 1811K, committed 1920K, reserved 1048576K
}
Event: 223,521 GC heap before
{Heap before GC invocations=12 (full 0):
 garbage-first heap   total 48128K, used 33720K [0x00000000e3000000, 0x0000000100000000)
  region size 1024K, 24 young (24576K), 3 survivors (3072K)
 Metaspace       used 13765K, capacity 15321K, committed 15744K, reserved 1062912K
  class space    used 1577K, capacity 1811K, committed 1920K, reserved 1048576K
}
Event: 224,692 GC heap after
{Heap after GC invocations=13 (full 0):
 garbage-first heap   total 48128K, used 13151K [0x00000000e3000000, 0x0000000100000000)
  region size 1024K, 3 young (3072K), 3 survivors (3072K)
 Metaspace       used 13765K, capacity 15321K, committed 15744K, reserved 1062912K
  class space    used 1577K, capacity 1811K, committed 1920K, reserved 1048576K
}
Event: 266,520 GC heap before
{Heap before GC invocations=13 (full 0):
 garbage-first heap   total 48128K, used 13151K [0x00000000e3000000, 0x0000000100000000)
  region size 1024K, 4 young (4096K), 3 survivors (3072K)
 Metaspace       used 13767K, capacity 15321K, committed 15744K, reserved 1062912K
  class space    used 1577K, capacity 1811K, committed 1920K, reserved 1048576K
}
Event: 271,959 GC heap after
{Heap after GC invocations=14 (full 0):
 garbage-first heap   total 48128K, used 13341K [0x00000000e3000000, 0x0000000100000000)
  region size 1024K, 1 young (1024K), 1 survivors (1024K)
 Metaspace       used 13767K, capacity 15321K, committed 15744K, reserved 1062912K
  class space    used 1577K, capacity 1811K, committed 1920K, reserved 1048576K
}
Event: 293,266 GC heap before
{Heap before GC invocations=14 (full 0):
 garbage-first heap   total 48128K, used 13341K [0x00000000e3000000, 0x0000000100000000)
  region size 1024K, 2 young (2048K), 1 survivors (1024K)
 Metaspace       used 13771K, capacity 15321K, committed 15744K, reserved 1062912K
  class space    used 1577K, capacity 1811K, committed 1920K, reserved 1048576K
}

