# JRE version: OpenJDK Runtime Environment (11.0.4+11) (build 11.0.4+11-post-Ubuntu-1ubuntu218.04.3)
# Java VM: OpenJDK 64-Bit Server VM (11.0.4+11-post-Ubuntu-1ubuntu218.04.3, mixed mode, sharing, tiered, compressed oops, g1 gc, linux-amd64)
Heap:
 garbage-first heap   total 118784K, used 34223K [0x00000000e3000000, 0x0000000100000000)
  region size 1024K, 1 young (1024K), 1 survivors (1024K)
 Metaspace       used 29816K, capacity 30625K, committed 30768K, reserved 1077248K
  class space    used 3378K, capacity 3695K, committed 3712K, reserved 1048576K
GC Heap History (10 events):
Event: 24,484 GC heap after
{Heap after GC invocations=32 (full 0):
 garbage-first heap   total 77824K, used 37752K [0x00000000e3000000, 0x0000000100000000)
  region size 1024K, 1 young (1024K), 1 survivors (1024K)
 Metaspace       used 25941K, capacity 26652K, committed 26672K, reserved 1073152K
  class space    used 2942K, capacity 3198K, committed 3200K, reserved 1048576K
}
Event: 27,523 GC heap before
{Heap before GC invocations=33 (full 0):
 garbage-first heap   total 77824K, used 52088K [0x00000000e3000000, 0x0000000100000000)
  region size 1024K, 15 young (15360K), 1 survivors (1024K)
 Metaspace       used 26423K, capacity 27131K, committed 27312K, reserved 1073152K
  class space    used 2958K, capacity 3211K, committed 3328K, reserved 1048576K
}
Event: 27,598 GC heap after
{Heap after GC invocations=34 (full 0):
 garbage-first heap   total 77824K, used 38900K [0x00000000e3000000, 0x0000000100000000)
  region size 1024K, 2 young (2048K), 2 survivors (2048K)
 Metaspace       used 26423K, capacity 27131K, committed 27312K, reserved 1073152K
  class space    used 2958K, capacity 3211K, committed 3328K, reserved 1048576K
}
Event: 34,016 GC heap before
{Heap before GC invocations=34 (full 0):
 garbage-first heap   total 77824K, used 53236K [0x00000000e3000000, 0x0000000100000000)
  region size 1024K, 16 young (16384K), 2 survivors (2048K)
 Metaspace       used 26933K, capacity 27687K, committed 27824K, reserved 1073152K
  class space    used 3000K, capacity 3287K, committed 3328K, reserved 1048576K
}
Event: 34,173 GC heap after
{Heap after GC invocations=35 (full 0):
 garbage-first heap   total 77824K, used 39829K [0x00000000e3000000, 0x0000000100000000)
  region size 1024K, 1 young (1024K), 1 survivors (1024K)
 Metaspace       used 26933K, capacity 27687K, committed 27824K, reserved 1073152K
  class space    used 3000K, capacity 3287K, committed 3328K, reserved 1048576K
}
Event: 203,586 GC heap before
{Heap before GC invocations=36 (full 0):
 garbage-first heap   total 77824K, used 53141K [0x00000000e3000000, 0x0000000100000000)
  region size 1024K, 15 young (15360K), 1 survivors (1024K)
 Metaspace       used 29466K, capacity 30354K, committed 30512K, reserved 1077248K
  class space    used 3351K, capacity 3690K, committed 3712K, reserved 1048576K
}
Event: 203,883 GC heap after
{Heap after GC invocations=37 (full 0):
 garbage-first heap   total 77824K, used 40068K [0x00000000e3000000, 0x0000000100000000)
  region size 1024K, 2 young (2048K), 2 survivors (2048K)
 Metaspace       used 29466K, capacity 30354K, committed 30512K, reserved 1077248K
  class space    used 3351K, capacity 3690K, committed 3712K, reserved 1048576K
}
Event: 219,105 GC heap before
{Heap before GC invocations=37 (full 0):
 garbage-first heap   total 77824K, used 41092K [0x00000000e3000000, 0x0000000100000000)
  region size 1024K, 3 young (3072K), 2 survivors (2048K)
 Metaspace       used 29523K, capacity 30427K, committed 30768K, reserved 1077248K
  class space    used 3354K, capacity 3693K, committed 3712K, reserved 1048576K
}
Event: 220,608 GC heap after
{Heap after GC invocations=38 (full 0):
 garbage-first heap   total 77824K, used 34277K [0x00000000e3000000, 0x0000000100000000)
  region size 1024K, 1 young (1024K), 1 survivors (1024K)
 Metaspace       used 29523K, capacity 30427K, committed 30768K, reserved 1077248K
  class space    used 3354K, capacity 3693K, committed 3712K, reserved 1048576K
}
Event: 247,238 GC heap before
{Heap before GC invocations=38 (full 0):
 garbage-first heap   total 77824K, used 36325K [0x00000000e3000000, 0x0000000100000000)
  region size 1024K, 3 young (3072K), 1 survivors (1024K)
 Metaspace       used 29816K, capacity 30625K, committed 30768K, reserved 1077248K
  class space    used 3378K, capacity 3695K, committed 3712K, reserved 1048576K
}

