# JRE version: OpenJDK Runtime Environment (11.0.4+11) (build 11.0.4+11-post-Ubuntu-1ubuntu218.04.3)
# Java VM: OpenJDK 64-Bit Server VM (11.0.4+11-post-Ubuntu-1ubuntu218.04.3, mixed mode, sharing, tiered, compressed oops, g1 gc, linux-amd64)
Heap:
 garbage-first heap   total 104448K, used 22607K [0x00000000e3000000, 0x0000000100000000)
  region size 1024K, 1 young (1024K), 1 survivors (1024K)
 Metaspace       used 23641K, capacity 24418K, committed 24832K, reserved 1071104K
  class space    used 2763K, capacity 3000K, committed 3072K, reserved 1048576K
GC Heap History (10 events):
Event: 73,576 GC heap after
{Heap after GC invocations=14 (full 0):
 garbage-first heap   total 52224K, used 14463K [0x00000000e3000000, 0x0000000100000000)
  region size 1024K, 3 young (3072K), 3 survivors (3072K)
 Metaspace       used 16033K, capacity 17472K, committed 17792K, reserved 1064960K
  class space    used 1857K, capacity 2122K, committed 2176K, reserved 1048576K
}
Event: 122,898 GC heap before
{Heap before GC invocations=14 (full 0):
 garbage-first heap   total 52224K, used 36991K [0x00000000e3000000, 0x0000000100000000)
  region size 1024K, 26 young (26624K), 3 survivors (3072K)
 Metaspace       used 17906K, capacity 19275K, committed 19584K, reserved 1067008K
  class space    used 2079K, capacity 2346K, committed 2432K, reserved 1048576K
}
Event: 123,475 GC heap after
{Heap after GC invocations=15 (full 0):
 garbage-first heap   total 52224K, used 15224K [0x00000000e3000000, 0x0000000100000000)
  region size 1024K, 3 young (3072K), 3 survivors (3072K)
 Metaspace       used 17906K, capacity 19275K, committed 19584K, reserved 1067008K
  class space    used 2079K, capacity 2346K, committed 2432K, reserved 1048576K
}
Event: 131,061 GC heap before
{Heap before GC invocations=15 (full 0):
 garbage-first heap   total 52224K, used 36728K [0x00000000e3000000, 0x0000000100000000)
  region size 1024K, 25 young (25600K), 3 survivors (3072K)
 Metaspace       used 17913K, capacity 19275K, committed 19584K, reserved 1067008K
  class space    used 2079K, capacity 2346K, committed 2432K, reserved 1048576K
}
Event: 131,125 GC heap after
{Heap after GC invocations=16 (full 0):
 garbage-first heap   total 52224K, used 15873K [0x00000000e3000000, 0x0000000100000000)
  region size 1024K, 2 young (2048K), 2 survivors (2048K)
 Metaspace       used 17913K, capacity 19275K, committed 19584K, reserved 1067008K
  class space    used 2079K, capacity 2346K, committed 2432K, reserved 1048576K
}
Event: 134,922 GC heap before
{Heap before GC invocations=16 (full 0):
 garbage-first heap   total 52224K, used 19969K [0x00000000e3000000, 0x0000000100000000)
  region size 1024K, 8 young (8192K), 2 survivors (2048K)
 Metaspace       used 19947K, capacity 21051K, committed 21296K, reserved 1069056K
  class space    used 2361K, capacity 2600K, committed 2688K, reserved 1048576K
}
Event: 134,948 GC heap after
{Heap after GC invocations=17 (full 0):
 garbage-first heap   total 52224K, used 15591K [0x00000000e3000000, 0x0000000100000000)
  region size 1024K, 2 young (2048K), 2 survivors (2048K)
 Metaspace       used 19947K, capacity 21051K, committed 21296K, reserved 1069056K
  class space    used 2361K, capacity 2600K, committed 2688K, reserved 1048576K
}
Event: 152,444 GC heap before
{Heap before GC invocations=18 (full 0):
 garbage-first heap   total 52224K, used 32999K [0x00000000e3000000, 0x0000000100000000)
  region size 1024K, 20 young (20480K), 2 survivors (2048K)
 Metaspace       used 23641K, capacity 24418K, committed 24832K, reserved 1071104K
  class space    used 2763K, capacity 3000K, committed 3072K, reserved 1048576K
}
Event: 157,465 GC heap after
{Heap after GC invocations=19 (full 0):
 garbage-first heap   total 52224K, used 22582K [0x00000000e3000000, 0x0000000100000000)
  region size 1024K, 3 young (3072K), 3 survivors (3072K)
 Metaspace       used 23641K, capacity 24418K, committed 24832K, reserved 1071104K
  class space    used 2763K, capacity 3000K, committed 3072K, reserved 1048576K
}
Event: 157,828 GC heap before
{Heap before GC invocations=19 (full 0):
 garbage-first heap   total 52224K, used 22582K [0x00000000e3000000, 0x0000000100000000)
  region size 1024K, 4 young (4096K), 3 survivors (3072K)
 Metaspace       used 23641K, capacity 24418K, committed 24832K, reserved 1071104K
  class space    used 2763K, capacity 3000K, committed 3072K, reserved 1048576K
}

