# JRE version: OpenJDK Runtime Environment (11.0.4+11) (build 11.0.4+11-post-Ubuntu-1ubuntu218.04.3)
# Java VM: OpenJDK 64-Bit Server VM (11.0.4+11-post-Ubuntu-1ubuntu218.04.3, mixed mode, sharing, tiered, compressed oops, g1 gc, linux-amd64)
Heap:
 garbage-first heap   total 96256K, used 14143K [0x00000000e3000000, 0x0000000100000000)
  region size 1024K, 1 young (1024K), 1 survivors (1024K)
 Metaspace       used 15869K, capacity 17316K, committed 17536K, reserved 1064960K
  class space    used 1845K, capacity 2113K, committed 2176K, reserved 1048576K
GC Heap History (10 events):
Event: 173,255 GC heap after
{Heap after GC invocations=17 (full 0):
 garbage-first heap   total 39936K, used 14081K [0x00000000e3000000, 0x0000000100000000)
  region size 1024K, 1 young (1024K), 1 survivors (1024K)
 Metaspace       used 15671K, capacity 17188K, committed 17536K, reserved 1064960K
  class space    used 1830K, capacity 2113K, committed 2176K, reserved 1048576K
}
Event: 176,732 GC heap before
{Heap before GC invocations=17 (full 0):
 garbage-first heap   total 39936K, used 15105K [0x00000000e3000000, 0x0000000100000000)
  region size 1024K, 2 young (2048K), 1 survivors (1024K)
 Metaspace       used 15801K, capacity 17252K, committed 17536K, reserved 1064960K
  class space    used 1842K, capacity 2113K, committed 2176K, reserved 1048576K
}
Event: 178,118 GC heap after
{Heap after GC invocations=18 (full 0):
 garbage-first heap   total 48128K, used 13921K [0x00000000e3000000, 0x0000000100000000)
  region size 1024K, 1 young (1024K), 1 survivors (1024K)
 Metaspace       used 15801K, capacity 17252K, committed 17536K, reserved 1064960K
  class space    used 1842K, capacity 2113K, committed 2176K, reserved 1048576K
}
Event: 179,143 GC heap before
{Heap before GC invocations=18 (full 0):
 garbage-first heap   total 48128K, used 13921K [0x00000000e3000000, 0x0000000100000000)
  region size 1024K, 2 young (2048K), 1 survivors (1024K)
 Metaspace       used 15815K, capacity 17316K, committed 17536K, reserved 1064960K
  class space    used 1842K, capacity 2113K, committed 2176K, reserved 1048576K
}
Event: 180,212 GC heap after
{Heap after GC invocations=19 (full 0):
 garbage-first heap   total 48128K, used 13931K [0x00000000e3000000, 0x0000000100000000)
  region size 1024K, 1 young (1024K), 1 survivors (1024K)
 Metaspace       used 15815K, capacity 17316K, committed 17536K, reserved 1064960K
  class space    used 1842K, capacity 2113K, committed 2176K, reserved 1048576K
}
Event: 181,582 GC heap before
{Heap before GC invocations=19 (full 0):
 garbage-first heap   total 48128K, used 14955K [0x00000000e3000000, 0x0000000100000000)
  region size 1024K, 2 young (2048K), 1 survivors (1024K)
 Metaspace       used 15864K, capacity 17316K, committed 17536K, reserved 1064960K
  class space    used 1845K, capacity 2113K, committed 2176K, reserved 1048576K
}
Event: 182,135 GC heap after
{Heap after GC invocations=20 (full 0):
 garbage-first heap   total 48128K, used 13948K [0x00000000e3000000, 0x0000000100000000)
  region size 1024K, 1 young (1024K), 1 survivors (1024K)
 Metaspace       used 15864K, capacity 17316K, committed 17536K, reserved 1064960K
  class space    used 1845K, capacity 2113K, committed 2176K, reserved 1048576K
}
Event: 184,385 GC heap before
{Heap before GC invocations=20 (full 0):
 garbage-first heap   total 48128K, used 13948K [0x00000000e3000000, 0x0000000100000000)
  region size 1024K, 2 young (2048K), 1 survivors (1024K)
 Metaspace       used 15866K, capacity 17316K, committed 17536K, reserved 1064960K
  class space    used 1845K, capacity 2113K, committed 2176K, reserved 1048576K
}
Event: 185,860 GC heap after
{Heap after GC invocations=21 (full 0):
 garbage-first heap   total 48128K, used 13980K [0x00000000e3000000, 0x0000000100000000)
  region size 1024K, 1 young (1024K), 1 survivors (1024K)
 Metaspace       used 15866K, capacity 17316K, committed 17536K, reserved 1064960K
  class space    used 1845K, capacity 2113K, committed 2176K, reserved 1048576K
}
Event: 186,126 GC heap before
{Heap before GC invocations=21 (full 0):
 garbage-first heap   total 48128K, used 15004K [0x00000000e3000000, 0x0000000100000000)
  region size 1024K, 2 young (2048K), 1 survivors (1024K)
 Metaspace       used 15869K, capacity 17316K, committed 17536K, reserved 1064960K
  class space    used 1845K, capacity 2113K, committed 2176K, reserved 1048576K
}

