# JRE version: OpenJDK Runtime Environment (11.0.4+11) (build 11.0.4+11-post-Ubuntu-1ubuntu218.04.3)
# Java VM: OpenJDK 64-Bit Server VM (11.0.4+11-post-Ubuntu-1ubuntu218.04.3, mixed mode, sharing, tiered, compressed oops, g1 gc, linux-amd64)
Heap:
 garbage-first heap   total 104448K, used 36707K [0x00000000e3000000, 0x0000000100000000)
  region size 1024K, 2 young (2048K), 2 survivors (2048K)
 Metaspace       used 23935K, capacity 24637K, committed 24832K, reserved 1071104K
  class space    used 2766K, capacity 3003K, committed 3072K, reserved 1048576K
GC Heap History (10 events):
Event: 42,916 GC heap after
{Heap after GC invocations=24 (full 0):
 garbage-first heap   total 58368K, used 26040K [0x00000000e3000000, 0x0000000100000000)
  region size 1024K, 1 young (1024K), 1 survivors (1024K)
 Metaspace       used 23841K, capacity 24550K, committed 24832K, reserved 1071104K
  class space    used 2764K, capacity 3001K, committed 3072K, reserved 1048576K
}
Event: 47,664 GC heap before
{Heap before GC invocations=25 (full 0):
 garbage-first heap   total 58368K, used 31160K [0x00000000e3000000, 0x0000000100000000)
  region size 1024K, 8 young (8192K), 1 survivors (1024K)
 Metaspace       used 23884K, capacity 24554K, committed 24832K, reserved 1071104K
  class space    used 2764K, capacity 3001K, committed 3072K, reserved 1048576K
}
Event: 47,974 GC heap after
{Heap after GC invocations=26 (full 0):
 garbage-first heap   total 58368K, used 26617K [0x00000000e3000000, 0x0000000100000000)
  region size 1024K, 1 young (1024K), 1 survivors (1024K)
 Metaspace       used 23884K, capacity 24554K, committed 24832K, reserved 1071104K
  class space    used 2764K, capacity 3001K, committed 3072K, reserved 1048576K
}
Event: 49,731 GC heap before
{Heap before GC invocations=26 (full 0):
 garbage-first heap   total 58368K, used 41977K [0x00000000e3000000, 0x0000000100000000)
  region size 1024K, 16 young (16384K), 1 survivors (1024K)
 Metaspace       used 23885K, capacity 24558K, committed 24832K, reserved 1071104K
  class space    used 2764K, capacity 3001K, committed 3072K, reserved 1048576K
}
Event: 50,074 GC heap after
{Heap after GC invocations=27 (full 0):
 garbage-first heap   total 58368K, used 28574K [0x00000000e3000000, 0x0000000100000000)
  region size 1024K, 2 young (2048K), 2 survivors (2048K)
 Metaspace       used 23885K, capacity 24558K, committed 24832K, reserved 1071104K
  class space    used 2764K, capacity 3001K, committed 3072K, reserved 1048576K
}
Event: 50,142 GC heap before
{Heap before GC invocations=28 (full 0):
 garbage-first heap   total 58368K, used 41886K [0x00000000e3000000, 0x0000000100000000)
  region size 1024K, 16 young (16384K), 2 survivors (2048K)
 Metaspace       used 23885K, capacity 24558K, committed 24832K, reserved 1071104K
  class space    used 2764K, capacity 3001K, committed 3072K, reserved 1048576K
}
Event: 50,598 GC heap after
{Heap after GC invocations=29 (full 0):
 garbage-first heap   total 58368K, used 28635K [0x00000000e3000000, 0x0000000100000000)
  region size 1024K, 1 young (1024K), 1 survivors (1024K)
 Metaspace       used 23885K, capacity 24558K, committed 24832K, reserved 1071104K
  class space    used 2764K, capacity 3001K, committed 3072K, reserved 1048576K
}
Event: 108,682 GC heap before
{Heap before GC invocations=29 (full 0):
 garbage-first heap   total 58368K, used 42971K [0x00000000e3000000, 0x0000000100000000)
  region size 1024K, 16 young (16384K), 1 survivors (1024K)
 Metaspace       used 23929K, capacity 24637K, committed 24832K, reserved 1071104K
  class space    used 2766K, capacity 3003K, committed 3072K, reserved 1048576K
}
Event: 109,488 GC heap after
{Heap after GC invocations=30 (full 0):
 garbage-first heap   total 58368K, used 31496K [0x00000000e3000000, 0x0000000100000000)
  region size 1024K, 2 young (2048K), 2 survivors (2048K)
 Metaspace       used 23929K, capacity 24637K, committed 24832K, reserved 1071104K
  class space    used 2766K, capacity 3003K, committed 3072K, reserved 1048576K
}
Event: 135,883 GC heap before
{Heap before GC invocations=31 (full 0):
 garbage-first heap   total 58368K, used 44808K [0x00000000e3000000, 0x0000000100000000)
  region size 1024K, 15 young (15360K), 2 survivors (2048K)
 Metaspace       used 23935K, capacity 24637K, committed 24832K, reserved 1071104K
  class space    used 2766K, capacity 3003K, committed 3072K, reserved 1048576K
}

