# JRE version: OpenJDK Runtime Environment (11.0.4+11) (build 11.0.4+11-post-Ubuntu-1ubuntu218.04.3)
# Java VM: OpenJDK 64-Bit Server VM (11.0.4+11-post-Ubuntu-1ubuntu218.04.3, mixed mode, sharing, tiered, compressed oops, g1 gc, linux-amd64)
Heap:
 garbage-first heap   total 148480K, used 46860K [0x00000000e3000000, 0x0000000100000000)
  region size 1024K, 1 young (1024K), 1 survivors (1024K)
 Metaspace       used 25855K, capacity 26604K, committed 26880K, reserved 1073152K
  class space    used 2935K, capacity 3203K, committed 3328K, reserved 1048576K
GC Heap History (10 events):
Event: 303,927 GC heap after
{Heap after GC invocations=42 (full 0):
 garbage-first heap   total 58368K, used 39886K [0x00000000e3000000, 0x0000000100000000)
  region size 1024K, 1 young (1024K), 1 survivors (1024K)
 Metaspace       used 24480K, capacity 25146K, committed 25344K, reserved 1071104K
  class space    used 2816K, capacity 3066K, committed 3072K, reserved 1048576K
}
Event: 304,901 GC heap before
{Heap before GC invocations=42 (full 0):
 garbage-first heap   total 58368K, used 46030K [0x00000000e3000000, 0x0000000100000000)
  region size 1024K, 7 young (7168K), 1 survivors (1024K)
 Metaspace       used 24517K, capacity 25274K, committed 25344K, reserved 1071104K
  class space    used 2818K, capacity 3066K, committed 3072K, reserved 1048576K
}
Event: 304,964 GC heap after
{Heap after GC invocations=43 (full 0):
 garbage-first heap   total 97280K, used 40691K [0x00000000e3000000, 0x0000000100000000)
  region size 1024K, 1 young (1024K), 1 survivors (1024K)
 Metaspace       used 24517K, capacity 25274K, committed 25344K, reserved 1071104K
  class space    used 2818K, capacity 3066K, committed 3072K, reserved 1048576K
}
Event: 311,858 GC heap before
{Heap before GC invocations=44 (full 0):
 garbage-first heap   total 97280K, used 54003K [0x00000000e3000000, 0x0000000100000000)
  region size 1024K, 14 young (14336K), 1 survivors (1024K)
 Metaspace       used 24844K, capacity 25566K, committed 25984K, reserved 1073152K
  class space    used 2824K, capacity 3074K, committed 3200K, reserved 1048576K
}
Event: 312,297 GC heap after
{Heap after GC invocations=45 (full 0):
 garbage-first heap   total 97280K, used 42968K [0x00000000e3000000, 0x0000000100000000)
  region size 1024K, 2 young (2048K), 2 survivors (2048K)
 Metaspace       used 24844K, capacity 25566K, committed 25984K, reserved 1073152K
  class space    used 2824K, capacity 3074K, committed 3200K, reserved 1048576K
}
Event: 313,365 GC heap before
{Heap before GC invocations=45 (full 0):
 garbage-first heap   total 97280K, used 47064K [0x00000000e3000000, 0x0000000100000000)
  region size 1024K, 6 young (6144K), 2 survivors (2048K)
 Metaspace       used 24866K, capacity 25566K, committed 25984K, reserved 1073152K
  class space    used 2824K, capacity 3074K, committed 3200K, reserved 1048576K
}
Event: 313,602 GC heap after
{Heap after GC invocations=46 (full 0):
 garbage-first heap   total 97280K, used 43936K [0x00000000e3000000, 0x0000000100000000)
  region size 1024K, 1 young (1024K), 1 survivors (1024K)
 Metaspace       used 24866K, capacity 25566K, committed 25984K, reserved 1073152K
  class space    used 2824K, capacity 3074K, committed 3200K, reserved 1048576K
}
Event: 315,857 GC heap before
{Heap before GC invocations=46 (full 0):
 garbage-first heap   total 97280K, used 47008K [0x00000000e3000000, 0x0000000100000000)
  region size 1024K, 5 young (5120K), 1 survivors (1024K)
 Metaspace       used 24889K, capacity 25567K, committed 25984K, reserved 1073152K
  class space    used 2824K, capacity 3074K, committed 3200K, reserved 1048576K
}
Event: 316,112 GC heap after
{Heap after GC invocations=47 (full 0):
 garbage-first heap   total 97280K, used 44845K [0x00000000e3000000, 0x0000000100000000)
  region size 1024K, 1 young (1024K), 1 survivors (1024K)
 Metaspace       used 24889K, capacity 25567K, committed 25984K, reserved 1073152K
  class space    used 2824K, capacity 3074K, committed 3200K, reserved 1048576K
}
Event: 337,400 GC heap before
{Heap before GC invocations=48 (full 0):
 garbage-first heap   total 97280K, used 52013K [0x00000000e3000000, 0x0000000100000000)
  region size 1024K, 7 young (7168K), 1 survivors (1024K)
 Metaspace       used 25855K, capacity 26604K, committed 26880K, reserved 1073152K
  class space    used 2935K, capacity 3203K, committed 3328K, reserved 1048576K
}

