# JRE version: OpenJDK Runtime Environment (11.0.4+11) (build 11.0.4+11-post-Ubuntu-1ubuntu218.04.3)
# Java VM: OpenJDK 64-Bit Server VM (11.0.4+11-post-Ubuntu-1ubuntu218.04.3, mixed mode, sharing, tiered, compressed oops, g1 gc, linux-amd64)
Heap:
 garbage-first heap   total 121856K, used 36695K [0x00000000e3000000, 0x0000000100000000)
  region size 1024K, 1 young (1024K), 1 survivors (1024K)
 Metaspace       used 25235K, capacity 26016K, committed 26240K, reserved 1073152K
  class space    used 2909K, capacity 3161K, committed 3200K, reserved 1048576K
GC Heap History (10 events):
Event: 30,706 GC heap after
{Heap after GC invocations=23 (full 0):
 garbage-first heap   total 58368K, used 30082K [0x00000000e3000000, 0x0000000100000000)
  region size 1024K, 3 young (3072K), 3 survivors (3072K)
 Metaspace       used 23675K, capacity 24353K, committed 24576K, reserved 1071104K
  class space    used 2767K, capacity 3000K, committed 3072K, reserved 1048576K
}
Event: 31,578 GC heap before
{Heap before GC invocations=23 (full 0):
 garbage-first heap   total 58368K, used 42370K [0x00000000e3000000, 0x0000000100000000)
  region size 1024K, 16 young (16384K), 3 survivors (3072K)
 Metaspace       used 23939K, capacity 24611K, committed 24832K, reserved 1071104K
  class space    used 2793K, capacity 3017K, committed 3072K, reserved 1048576K
}
Event: 31,601 GC heap after
{Heap after GC invocations=24 (full 0):
 garbage-first heap   total 58368K, used 32156K [0x00000000e3000000, 0x0000000100000000)
  region size 1024K, 2 young (2048K), 2 survivors (2048K)
 Metaspace       used 23939K, capacity 24611K, committed 24832K, reserved 1071104K
  class space    used 2793K, capacity 3017K, committed 3072K, reserved 1048576K
}
Event: 33,075 GC heap before
{Heap before GC invocations=25 (full 0):
 garbage-first heap   total 58368K, used 43420K [0x00000000e3000000, 0x0000000100000000)
  region size 1024K, 13 young (13312K), 2 survivors (2048K)
 Metaspace       used 24163K, capacity 24848K, committed 25088K, reserved 1071104K
  class space    used 2808K, capacity 3052K, committed 3072K, reserved 1048576K
}
Event: 33,157 GC heap after
{Heap after GC invocations=26 (full 0):
 garbage-first heap   total 58368K, used 33935K [0x00000000e3000000, 0x0000000100000000)
  region size 1024K, 2 young (2048K), 2 survivors (2048K)
 Metaspace       used 24163K, capacity 24848K, committed 25088K, reserved 1071104K
  class space    used 2808K, capacity 3052K, committed 3072K, reserved 1048576K
}
Event: 48,298 GC heap before
{Heap before GC invocations=26 (full 0):
 garbage-first heap   total 58368K, used 44175K [0x00000000e3000000, 0x0000000100000000)
  region size 1024K, 12 young (12288K), 2 survivors (2048K)
 Metaspace       used 24566K, capacity 25285K, committed 25600K, reserved 1071104K
  class space    used 2833K, capacity 3068K, committed 3072K, reserved 1048576K
}
Event: 49,318 GC heap after
{Heap after GC invocations=27 (full 0):
 garbage-first heap   total 58368K, used 35992K [0x00000000e3000000, 0x0000000100000000)
  region size 1024K, 2 young (2048K), 2 survivors (2048K)
 Metaspace       used 24566K, capacity 25285K, committed 25600K, reserved 1071104K
  class space    used 2833K, capacity 3068K, committed 3072K, reserved 1048576K
}
Event: 62,355 GC heap before
{Heap before GC invocations=28 (full 0):
 garbage-first heap   total 58368K, used 37016K [0x00000000e3000000, 0x0000000100000000)
  region size 1024K, 3 young (3072K), 2 survivors (2048K)
 Metaspace       used 24862K, capacity 25554K, committed 25728K, reserved 1071104K
  class space    used 2879K, capacity 3115K, committed 3200K, reserved 1048576K
}
Event: 64,146 GC heap after
{Heap after GC invocations=29 (full 0):
 garbage-first heap   total 58368K, used 36649K [0x00000000e3000000, 0x0000000100000000)
  region size 1024K, 1 young (1024K), 1 survivors (1024K)
 Metaspace       used 24862K, capacity 25554K, committed 25728K, reserved 1071104K
  class space    used 2879K, capacity 3115K, committed 3200K, reserved 1048576K
}
Event: 76,142 GC heap before
{Heap before GC invocations=29 (full 0):
 garbage-first heap   total 58368K, used 37673K [0x00000000e3000000, 0x0000000100000000)
  region size 1024K, 2 young (2048K), 1 survivors (1024K)
 Metaspace       used 25235K, capacity 26016K, committed 26240K, reserved 1073152K
  class space    used 2909K, capacity 3161K, committed 3200K, reserved 1048576K
}

