# JRE version: OpenJDK Runtime Environment (11.0.4+11) (build 11.0.4+11-post-Ubuntu-1ubuntu218.04.3)
# Java VM: OpenJDK 64-Bit Server VM (11.0.4+11-post-Ubuntu-1ubuntu218.04.3, mixed mode, sharing, tiered, compressed oops, g1 gc, linux-amd64)
Heap:
 garbage-first heap   total 102400K, used 11489K [0x00000000e3000000, 0x0000000100000000)
  region size 1024K, 1 young (1024K), 1 survivors (1024K)
 Metaspace       used 13619K, capacity 15254K, committed 15488K, reserved 1062912K
  class space    used 1576K, capacity 1810K, committed 1920K, reserved 1048576K
GC Heap History (10 events):
Event: 29,175 GC heap after
{Heap after GC invocations=11 (full 0):
 garbage-first heap   total 39936K, used 10377K [0x00000000e3000000, 0x0000000100000000)
  region size 1024K, 2 young (2048K), 2 survivors (2048K)
 Metaspace       used 13291K, capacity 14895K, committed 15104K, reserved 1062912K
  class space    used 1542K, capacity 1773K, committed 1792K, reserved 1048576K
}
Event: 63,277 GC heap before
{Heap before GC invocations=11 (full 0):
 garbage-first heap   total 39936K, used 25737K [0x00000000e3000000, 0x0000000100000000)
  region size 1024K, 17 young (17408K), 2 survivors (2048K)
 Metaspace       used 13577K, capacity 15190K, committed 15488K, reserved 1062912K
  class space    used 1576K, capacity 1810K, committed 1920K, reserved 1048576K
}
Event: 63,896 GC heap after
{Heap after GC invocations=12 (full 0):
 garbage-first heap   total 51200K, used 11225K [0x00000000e3000000, 0x0000000100000000)
  region size 1024K, 2 young (2048K), 2 survivors (2048K)
 Metaspace       used 13577K, capacity 15190K, committed 15488K, reserved 1062912K
  class space    used 1576K, capacity 1810K, committed 1920K, reserved 1048576K
}
Event: 71,565 GC heap before
{Heap before GC invocations=12 (full 0):
 garbage-first heap   total 51200K, used 12249K [0x00000000e3000000, 0x0000000100000000)
  region size 1024K, 3 young (3072K), 2 survivors (2048K)
 Metaspace       used 13592K, capacity 15254K, committed 15488K, reserved 1062912K
  class space    used 1576K, capacity 1810K, committed 1920K, reserved 1048576K
}
Event: 73,976 GC heap after
{Heap after GC invocations=13 (full 0):
 garbage-first heap   total 51200K, used 11625K [0x00000000e3000000, 0x0000000100000000)
  region size 1024K, 1 young (1024K), 1 survivors (1024K)
 Metaspace       used 13592K, capacity 15254K, committed 15488K, reserved 1062912K
  class space    used 1576K, capacity 1810K, committed 1920K, reserved 1048576K
}
Event: 75,680 GC heap before
{Heap before GC invocations=13 (full 0):
 garbage-first heap   total 51200K, used 11625K [0x00000000e3000000, 0x0000000100000000)
  region size 1024K, 2 young (2048K), 1 survivors (1024K)
 Metaspace       used 13592K, capacity 15254K, committed 15488K, reserved 1062912K
  class space    used 1576K, capacity 1810K, committed 1920K, reserved 1048576K
}
Event: 75,967 GC heap after
{Heap after GC invocations=14 (full 0):
 garbage-first heap   total 51200K, used 11431K [0x00000000e3000000, 0x0000000100000000)
  region size 1024K, 1 young (1024K), 1 survivors (1024K)
 Metaspace       used 13592K, capacity 15254K, committed 15488K, reserved 1062912K
  class space    used 1576K, capacity 1810K, committed 1920K, reserved 1048576K
}
Event: 77,351 GC heap before
{Heap before GC invocations=14 (full 0):
 garbage-first heap   total 51200K, used 11431K [0x00000000e3000000, 0x0000000100000000)
  region size 1024K, 2 young (2048K), 1 survivors (1024K)
 Metaspace       used 13594K, capacity 15254K, committed 15488K, reserved 1062912K
  class space    used 1576K, capacity 1810K, committed 1920K, reserved 1048576K
}
Event: 78,370 GC heap after
{Heap after GC invocations=15 (full 0):
 garbage-first heap   total 51200K, used 11467K [0x00000000e3000000, 0x0000000100000000)
  region size 1024K, 1 young (1024K), 1 survivors (1024K)
 Metaspace       used 13594K, capacity 15254K, committed 15488K, reserved 1062912K
  class space    used 1576K, capacity 1810K, committed 1920K, reserved 1048576K
}
Event: 79,879 GC heap before
{Heap before GC invocations=15 (full 0):
 garbage-first heap   total 51200K, used 12491K [0x00000000e3000000, 0x0000000100000000)
  region size 1024K, 2 young (2048K), 1 survivors (1024K)
 Metaspace       used 13619K, capacity 15254K, committed 15488K, reserved 1062912K
  class space    used 1576K, capacity 1810K, committed 1920K, reserved 1048576K
}

