# JRE version: OpenJDK Runtime Environment (11.0.4+11) (build 11.0.4+11-post-Ubuntu-1ubuntu218.04.3)
# Java VM: OpenJDK 64-Bit Server VM (11.0.4+11-post-Ubuntu-1ubuntu218.04.3, mixed mode, sharing, tiered, compressed oops, g1 gc, linux-amd64)
Heap:
 garbage-first heap   total 76800K, used 16920K [0x00000000e3000000, 0x0000000100000000)
  region size 1024K, 1 young (1024K), 1 survivors (1024K)
 Metaspace       used 17977K, capacity 19278K, committed 19584K, reserved 1067008K
  class space    used 2081K, capacity 2347K, committed 2432K, reserved 1048576K
GC Heap History (10 events):
Event: 221,924 GC heap after
{Heap after GC invocations=28 (full 0):
 garbage-first heap   total 39936K, used 17602K [0x00000000e3000000, 0x0000000100000000)
  region size 1024K, 1 young (1024K), 1 survivors (1024K)
 Metaspace       used 17955K, capacity 19278K, committed 19584K, reserved 1067008K
  class space    used 2079K, capacity 2347K, committed 2432K, reserved 1048576K
}
Event: 222,013 GC heap before
{Heap before GC invocations=29 (full 0):
 garbage-first heap   total 39936K, used 27842K [0x00000000e3000000, 0x0000000100000000)
  region size 1024K, 12 young (12288K), 1 survivors (1024K)
 Metaspace       used 17955K, capacity 19278K, committed 19584K, reserved 1067008K
  class space    used 2079K, capacity 2347K, committed 2432K, reserved 1048576K
}
Event: 222,033 GC heap after
{Heap after GC invocations=30 (full 0):
 garbage-first heap   total 39936K, used 17577K [0x00000000e3000000, 0x0000000100000000)
  region size 1024K, 1 young (1024K), 1 survivors (1024K)
 Metaspace       used 17955K, capacity 19278K, committed 19584K, reserved 1067008K
  class space    used 2079K, capacity 2347K, committed 2432K, reserved 1048576K
}
Event: 222,058 GC heap before
{Heap before GC invocations=30 (full 0):
 garbage-first heap   total 39936K, used 27817K [0x00000000e3000000, 0x0000000100000000)
  region size 1024K, 12 young (12288K), 1 survivors (1024K)
 Metaspace       used 17955K, capacity 19278K, committed 19584K, reserved 1067008K
  class space    used 2079K, capacity 2347K, committed 2432K, reserved 1048576K
}
Event: 222,083 GC heap after
{Heap after GC invocations=31 (full 0):
 garbage-first heap   total 39936K, used 17620K [0x00000000e3000000, 0x0000000100000000)
  region size 1024K, 1 young (1024K), 1 survivors (1024K)
 Metaspace       used 17955K, capacity 19278K, committed 19584K, reserved 1067008K
  class space    used 2079K, capacity 2347K, committed 2432K, reserved 1048576K
}
Event: 232,793 GC heap before
{Heap before GC invocations=32 (full 0):
 garbage-first heap   total 39936K, used 27860K [0x00000000e3000000, 0x0000000100000000)
  region size 1024K, 12 young (12288K), 1 survivors (1024K)
 Metaspace       used 17977K, capacity 19278K, committed 19584K, reserved 1067008K
  class space    used 2081K, capacity 2347K, committed 2432K, reserved 1048576K
}
Event: 233,546 GC heap after
{Heap after GC invocations=33 (full 0):
 garbage-first heap   total 39936K, used 16369K [0x00000000e3000000, 0x0000000100000000)
  region size 1024K, 1 young (1024K), 1 survivors (1024K)
 Metaspace       used 17977K, capacity 19278K, committed 19584K, reserved 1067008K
  class space    used 2081K, capacity 2347K, committed 2432K, reserved 1048576K
}
Event: 239,947 GC heap before
{Heap before GC invocations=33 (full 0):
 garbage-first heap   total 39936K, used 16369K [0x00000000e3000000, 0x0000000100000000)
  region size 1024K, 2 young (2048K), 1 survivors (1024K)
 Metaspace       used 17977K, capacity 19278K, committed 19584K, reserved 1067008K
  class space    used 2081K, capacity 2347K, committed 2432K, reserved 1048576K
}
Event: 240,609 GC heap after
{Heap after GC invocations=34 (full 0):
 garbage-first heap   total 39936K, used 16365K [0x00000000e3000000, 0x0000000100000000)
  region size 1024K, 1 young (1024K), 1 survivors (1024K)
 Metaspace       used 17977K, capacity 19278K, committed 19584K, reserved 1067008K
  class space    used 2081K, capacity 2347K, committed 2432K, reserved 1048576K
}
Event: 248,834 GC heap before
{Heap before GC invocations=34 (full 0):
 garbage-first heap   total 39936K, used 16365K [0x00000000e3000000, 0x0000000100000000)
  region size 1024K, 2 young (2048K), 1 survivors (1024K)
 Metaspace       used 17977K, capacity 19278K, committed 19584K, reserved 1067008K
  class space    used 2081K, capacity 2347K, committed 2432K, reserved 1048576K
}

