# JRE version: OpenJDK Runtime Environment (11.0.4+11) (build 11.0.4+11-post-Ubuntu-1ubuntu218.04.3)
# Java VM: OpenJDK 64-Bit Server VM (11.0.4+11-post-Ubuntu-1ubuntu218.04.3, mixed mode, sharing, tiered, compressed oops, g1 gc, linux-amd64)
Heap:
 garbage-first heap   total 63488K, used 3286K [0x00000000e3000000, 0x0000000100000000)
  region size 1024K, 1 young (1024K), 1 survivors (1024K)
 Metaspace       used 3882K, capacity 7093K, committed 7296K, reserved 1056768K
  class space    used 459K, capacity 792K, committed 896K, reserved 1048576K
GC Heap History (10 events):
Event: 15,673 GC heap after
{Heap after GC invocations=1 (full 0):
 garbage-first heap   total 32768K, used 2846K [0x00000000e3000000, 0x0000000100000000)
  region size 1024K, 1 young (1024K), 1 survivors (1024K)
 Metaspace       used 2101K, capacity 5660K, committed 6016K, reserved 1056768K
  class space    used 206K, capacity 546K, committed 640K, reserved 1048576K
}
Event: 18,206 GC heap before
{Heap before GC invocations=1 (full 0):
 garbage-first heap   total 32768K, used 3870K [0x00000000e3000000, 0x0000000100000000)
  region size 1024K, 2 young (2048K), 1 survivors (1024K)
 Metaspace       used 2328K, capacity 5826K, committed 6016K, reserved 1056768K
  class space    used 239K, capacity 580K, committed 640K, reserved 1048576K
}
Event: 18,516 GC heap after
{Heap after GC invocations=2 (full 0):
 garbage-first heap   total 32768K, used 3029K [0x00000000e3000000, 0x0000000100000000)
  region size 1024K, 1 young (1024K), 1 survivors (1024K)
 Metaspace       used 2328K, capacity 5826K, committed 6016K, reserved 1056768K
  class space    used 239K, capacity 580K, committed 640K, reserved 1048576K
}
Event: 23,841 GC heap before
{Heap before GC invocations=2 (full 0):
 garbage-first heap   total 32768K, used 4053K [0x00000000e3000000, 0x0000000100000000)
  region size 1024K, 3 young (3072K), 1 survivors (1024K)
 Metaspace       used 2894K, capacity 6197K, committed 6400K, reserved 1056768K
  class space    used 322K, capacity 664K, committed 768K, reserved 1048576K
}
Event: 24,974 GC heap after
{Heap after GC invocations=3 (full 0):
 garbage-first heap   total 32768K, used 3227K [0x00000000e3000000, 0x0000000100000000)
  region size 1024K, 1 young (1024K), 1 survivors (1024K)
 Metaspace       used 2894K, capacity 6197K, committed 6400K, reserved 1056768K
  class space    used 322K, capacity 664K, committed 768K, reserved 1048576K
}
Event: 26,425 GC heap before
{Heap before GC invocations=3 (full 0):
 garbage-first heap   total 32768K, used 4251K [0x00000000e3000000, 0x0000000100000000)
  region size 1024K, 2 young (2048K), 1 survivors (1024K)
 Metaspace       used 3147K, capacity 6421K, committed 6656K, reserved 1056768K
  class space    used 352K, capacity 696K, committed 768K, reserved 1048576K
}
Event: 26,508 GC heap after
{Heap after GC invocations=4 (full 0):
 garbage-first heap   total 32768K, used 3178K [0x00000000e3000000, 0x0000000100000000)
  region size 1024K, 1 young (1024K), 1 survivors (1024K)
 Metaspace       used 3147K, capacity 6421K, committed 6656K, reserved 1056768K
  class space    used 352K, capacity 696K, committed 768K, reserved 1048576K
}
Event: 28,495 GC heap before
{Heap before GC invocations=4 (full 0):
 garbage-first heap   total 32768K, used 5226K [0x00000000e3000000, 0x0000000100000000)
  region size 1024K, 3 young (3072K), 1 survivors (1024K)
 Metaspace       used 3644K, capacity 6869K, committed 7168K, reserved 1056768K
  class space    used 421K, capacity 760K, committed 768K, reserved 1048576K
}
Event: 29,356 GC heap after
{Heap after GC invocations=5 (full 0):
 garbage-first heap   total 32768K, used 3248K [0x00000000e3000000, 0x0000000100000000)
  region size 1024K, 1 young (1024K), 1 survivors (1024K)
 Metaspace       used 3644K, capacity 6869K, committed 7168K, reserved 1056768K
  class space    used 421K, capacity 760K, committed 768K, reserved 1048576K
}
Event: 37,362 GC heap before
{Heap before GC invocations=5 (full 0):
 garbage-first heap   total 32768K, used 4272K [0x00000000e3000000, 0x0000000100000000)
  region size 1024K, 2 young (2048K), 1 survivors (1024K)
 Metaspace       used 3882K, capacity 7093K, committed 7296K, reserved 1056768K
  class space    used 459K, capacity 792K, committed 896K, reserved 1048576K
}

