# JRE version: OpenJDK Runtime Environment (11.0.4+11) (build 11.0.4+11-post-Ubuntu-1ubuntu218.04.3)
# Java VM: OpenJDK 64-Bit Server VM (11.0.4+11-post-Ubuntu-1ubuntu218.04.3, mixed mode, sharing, tiered, compressed oops, g1 gc, linux-amd64)
Heap:
 garbage-first heap   total 156672K, used 9432K [0x00000000e3000000, 0x0000000100000000)
  region size 1024K, 1 young (1024K), 1 survivors (1024K)
 Metaspace       used 12789K, capacity 14519K, committed 14848K, reserved 1062912K
  class space    used 1503K, capacity 1736K, committed 1792K, reserved 1048576K
GC Heap History (10 events):
Event: 89,076 GC heap after
{Heap after GC invocations=11 (full 0):
 garbage-first heap   total 39936K, used 8674K [0x00000000e3000000, 0x0000000100000000)
  region size 1024K, 1 young (1024K), 1 survivors (1024K)
 Metaspace       used 12714K, capacity 14448K, committed 14848K, reserved 1062912K
  class space    used 1501K, capacity 1734K, committed 1792K, reserved 1048576K
}
Event: 91,102 GC heap before
{Heap before GC invocations=11 (full 0):
 garbage-first heap   total 39936K, used 9698K [0x00000000e3000000, 0x0000000100000000)
  region size 1024K, 2 young (2048K), 1 survivors (1024K)
 Metaspace       used 12724K, capacity 14448K, committed 14848K, reserved 1062912K
  class space    used 1501K, capacity 1734K, committed 1792K, reserved 1048576K
}
Event: 91,723 GC heap after
{Heap after GC invocations=12 (full 0):
 garbage-first heap   total 79872K, used 8766K [0x00000000e3000000, 0x0000000100000000)
  region size 1024K, 1 young (1024K), 1 survivors (1024K)
 Metaspace       used 12724K, capacity 14448K, committed 14848K, reserved 1062912K
  class space    used 1501K, capacity 1734K, committed 1792K, reserved 1048576K
}
Event: 101,714 GC heap before
{Heap before GC invocations=12 (full 0):
 garbage-first heap   total 79872K, used 10814K [0x00000000e3000000, 0x0000000100000000)
  region size 1024K, 3 young (3072K), 1 survivors (1024K)
 Metaspace       used 12742K, capacity 14448K, committed 14848K, reserved 1062912K
  class space    used 1502K, capacity 1734K, committed 1792K, reserved 1048576K
}
Event: 102,073 GC heap after
{Heap after GC invocations=13 (full 0):
 garbage-first heap   total 79872K, used 8817K [0x00000000e3000000, 0x0000000100000000)
  region size 1024K, 1 young (1024K), 1 survivors (1024K)
 Metaspace       used 12742K, capacity 14448K, committed 14848K, reserved 1062912K
  class space    used 1502K, capacity 1734K, committed 1792K, reserved 1048576K
}
Event: 108,055 GC heap before
{Heap before GC invocations=13 (full 0):
 garbage-first heap   total 79872K, used 10865K [0x00000000e3000000, 0x0000000100000000)
  region size 1024K, 3 young (3072K), 1 survivors (1024K)
 Metaspace       used 12760K, capacity 14448K, committed 14848K, reserved 1062912K
  class space    used 1502K, capacity 1734K, committed 1792K, reserved 1048576K
}
Event: 110,775 GC heap after
{Heap after GC invocations=14 (full 0):
 garbage-first heap   total 79872K, used 9207K [0x00000000e3000000, 0x0000000100000000)
  region size 1024K, 1 young (1024K), 1 survivors (1024K)
 Metaspace       used 12760K, capacity 14448K, committed 14848K, reserved 1062912K
  class space    used 1502K, capacity 1734K, committed 1792K, reserved 1048576K
}
Event: 113,711 GC heap before
{Heap before GC invocations=14 (full 0):
 garbage-first heap   total 79872K, used 11255K [0x00000000e3000000, 0x0000000100000000)
  region size 1024K, 3 young (3072K), 1 survivors (1024K)
 Metaspace       used 12768K, capacity 14448K, committed 14848K, reserved 1062912K
  class space    used 1502K, capacity 1734K, committed 1792K, reserved 1048576K
}
Event: 114,306 GC heap after
{Heap after GC invocations=15 (full 0):
 garbage-first heap   total 79872K, used 9368K [0x00000000e3000000, 0x0000000100000000)
  region size 1024K, 1 young (1024K), 1 survivors (1024K)
 Metaspace       used 12768K, capacity 14448K, committed 14848K, reserved 1062912K
  class space    used 1502K, capacity 1734K, committed 1792K, reserved 1048576K
}
Event: 119,985 GC heap before
{Heap before GC invocations=15 (full 0):
 garbage-first heap   total 79872K, used 10392K [0x00000000e3000000, 0x0000000100000000)
  region size 1024K, 3 young (3072K), 1 survivors (1024K)
 Metaspace       used 12789K, capacity 14519K, committed 14848K, reserved 1062912K
  class space    used 1503K, capacity 1736K, committed 1792K, reserved 1048576K
}

