# JRE version: OpenJDK Runtime Environment (11.0.4+11) (build 11.0.4+11-post-Ubuntu-1ubuntu218.04.3)
# Java VM: OpenJDK 64-Bit Server VM (11.0.4+11-post-Ubuntu-1ubuntu218.04.3, mixed mode, sharing, tiered, compressed oops, g1 gc, linux-amd64)
Heap:
 garbage-first heap   total 160768K, used 45664K [0x00000000e3000000, 0x0000000100000000)
  region size 1024K, 1 young (1024K), 1 survivors (1024K)
 Metaspace       used 24889K, capacity 25583K, committed 25728K, reserved 1071104K
  class space    used 2831K, capacity 3077K, committed 3200K, reserved 1048576K
GC Heap History (10 events):
Event: 294,021 GC heap after
{Heap after GC invocations=44 (full 0):
 garbage-first heap   total 41984K, used 28865K [0x00000000e3000000, 0x0000000100000000)
  region size 1024K, 1 young (1024K), 1 survivors (1024K)
 Metaspace       used 23849K, capacity 24511K, committed 24832K, reserved 1071104K
  class space    used 2763K, capacity 3006K, committed 3072K, reserved 1048576K
}
Event: 295,950 GC heap before
{Heap before GC invocations=44 (full 0):
 garbage-first heap   total 41984K, used 32961K [0x00000000e3000000, 0x0000000100000000)
  region size 1024K, 5 young (5120K), 1 survivors (1024K)
 Metaspace       used 23869K, capacity 24586K, committed 24832K, reserved 1071104K
  class space    used 2764K, capacity 3008K, committed 3072K, reserved 1048576K
}
Event: 295,963 GC heap after
{Heap after GC invocations=45 (full 0):
 garbage-first heap   total 81920K, used 30374K [0x00000000e3000000, 0x0000000100000000)
  region size 1024K, 1 young (1024K), 1 survivors (1024K)
 Metaspace       used 23869K, capacity 24586K, committed 24832K, reserved 1071104K
  class space    used 2764K, capacity 3008K, committed 3072K, reserved 1048576K
}
Event: 304,680 GC heap before
{Heap before GC invocations=46 (full 0):
 garbage-first heap   total 81920K, used 53926K [0x00000000e3000000, 0x0000000100000000)
  region size 1024K, 25 young (25600K), 1 survivors (1024K)
 Metaspace       used 24088K, capacity 24762K, committed 24832K, reserved 1071104K
  class space    used 2787K, capacity 3025K, committed 3072K, reserved 1048576K
}
Event: 304,866 GC heap after
{Heap after GC invocations=47 (full 0):
 garbage-first heap   total 81920K, used 38168K [0x00000000e3000000, 0x0000000100000000)
  region size 1024K, 4 young (4096K), 4 survivors (4096K)
 Metaspace       used 24088K, capacity 24762K, committed 24832K, reserved 1071104K
  class space    used 2787K, capacity 3025K, committed 3072K, reserved 1048576K
}
Event: 311,352 GC heap before
{Heap before GC invocations=47 (full 0):
 garbage-first heap   total 81920K, used 56600K [0x00000000e3000000, 0x0000000100000000)
  region size 1024K, 22 young (22528K), 4 survivors (4096K)
 Metaspace       used 24581K, capacity 25359K, committed 25600K, reserved 1071104K
  class space    used 2817K, capacity 3072K, committed 3072K, reserved 1048576K
}
Event: 311,546 GC heap after
{Heap after GC invocations=48 (full 0):
 garbage-first heap   total 81920K, used 41027K [0x00000000e3000000, 0x0000000100000000)
  region size 1024K, 3 young (3072K), 3 survivors (3072K)
 Metaspace       used 24581K, capacity 25359K, committed 25600K, reserved 1071104K
  class space    used 2817K, capacity 3072K, committed 3072K, reserved 1048576K
}
Event: 326,425 GC heap before
{Heap before GC invocations=48 (full 0):
 garbage-first heap   total 81920K, used 57411K [0x00000000e3000000, 0x0000000100000000)
  region size 1024K, 20 young (20480K), 3 survivors (3072K)
 Metaspace       used 24759K, capacity 25503K, committed 25728K, reserved 1071104K
  class space    used 2818K, capacity 3074K, committed 3200K, reserved 1048576K
}
Event: 327,433 GC heap after
{Heap after GC invocations=49 (full 0):
 garbage-first heap   total 81920K, used 44198K [0x00000000e3000000, 0x0000000100000000)
  region size 1024K, 3 young (3072K), 3 survivors (3072K)
 Metaspace       used 24759K, capacity 25503K, committed 25728K, reserved 1071104K
  class space    used 2818K, capacity 3074K, committed 3200K, reserved 1048576K
}
Event: 336,487 GC heap before
{Heap before GC invocations=50 (full 0):
 garbage-first heap   total 81920K, used 48294K [0x00000000e3000000, 0x0000000100000000)
  region size 1024K, 6 young (6144K), 3 survivors (3072K)
 Metaspace       used 24889K, capacity 25583K, committed 25728K, reserved 1071104K
  class space    used 2831K, capacity 3077K, committed 3200K, reserved 1048576K
}

