# JRE version: OpenJDK Runtime Environment (11.0.4+11) (build 11.0.4+11-post-Ubuntu-1ubuntu218.04.3)
# Java VM: OpenJDK 64-Bit Server VM (11.0.4+11-post-Ubuntu-1ubuntu218.04.3, mixed mode, sharing, tiered, compressed oops, g1 gc, linux-amd64)
Heap:
 garbage-first heap   total 67584K, used 4837K [0x00000000e3000000, 0x0000000100000000)
  region size 1024K, 1 young (1024K), 1 survivors (1024K)
 Metaspace       used 8607K, capacity 11036K, committed 11392K, reserved 1058816K
  class space    used 1075K, capacity 1354K, committed 1408K, reserved 1048576K
GC Heap History (10 events):
Event: 55,908 GC heap after
{Heap after GC invocations=6 (full 0):
 garbage-first heap   total 32768K, used 4378K [0x00000000e3000000, 0x0000000100000000)
  region size 1024K, 2 young (2048K), 2 survivors (2048K)
 Metaspace       used 7505K, capacity 9998K, committed 10240K, reserved 1058816K
  class space    used 930K, capacity 1225K, committed 1280K, reserved 1048576K
}
Event: 62,155 GC heap before
{Heap before GC invocations=6 (full 0):
 garbage-first heap   total 32768K, used 5402K [0x00000000e3000000, 0x0000000100000000)
  region size 1024K, 3 young (3072K), 2 survivors (2048K)
 Metaspace       used 7693K, capacity 10226K, committed 10496K, reserved 1058816K
  class space    used 958K, capacity 1257K, committed 1280K, reserved 1048576K
}
Event: 62,230 GC heap after
{Heap after GC invocations=7 (full 0):
 garbage-first heap   total 32768K, used 4608K [0x00000000e3000000, 0x0000000100000000)
  region size 1024K, 1 young (1024K), 1 survivors (1024K)
 Metaspace       used 7693K, capacity 10226K, committed 10496K, reserved 1058816K
  class space    used 958K, capacity 1257K, committed 1280K, reserved 1048576K
}
Event: 63,560 GC heap before
{Heap before GC invocations=7 (full 0):
 garbage-first heap   total 32768K, used 4608K [0x00000000e3000000, 0x0000000100000000)
  region size 1024K, 2 young (2048K), 1 survivors (1024K)
 Metaspace       used 7880K, capacity 10354K, committed 10496K, reserved 1058816K
  class space    used 979K, capacity 1257K, committed 1280K, reserved 1048576K
}
Event: 63,585 GC heap after
{Heap after GC invocations=8 (full 0):
 garbage-first heap   total 32768K, used 4571K [0x00000000e3000000, 0x0000000100000000)
  region size 1024K, 1 young (1024K), 1 survivors (1024K)
 Metaspace       used 7880K, capacity 10354K, committed 10496K, reserved 1058816K
  class space    used 979K, capacity 1257K, committed 1280K, reserved 1048576K
}
Event: 64,706 GC heap before
{Heap before GC invocations=8 (full 0):
 garbage-first heap   total 32768K, used 5595K [0x00000000e3000000, 0x0000000100000000)
  region size 1024K, 2 young (2048K), 1 survivors (1024K)
 Metaspace       used 8077K, capacity 10578K, committed 10880K, reserved 1058816K
  class space    used 1003K, capacity 1289K, committed 1408K, reserved 1048576K
}
Event: 64,709 GC heap after
{Heap after GC invocations=9 (full 0):
 garbage-first heap   total 32768K, used 4601K [0x00000000e3000000, 0x0000000100000000)
  region size 1024K, 1 young (1024K), 1 survivors (1024K)
 Metaspace       used 8077K, capacity 10578K, committed 10880K, reserved 1058816K
  class space    used 1003K, capacity 1289K, committed 1408K, reserved 1048576K
}
Event: 75,380 GC heap before
{Heap before GC invocations=9 (full 0):
 garbage-first heap   total 32768K, used 6649K [0x00000000e3000000, 0x0000000100000000)
  region size 1024K, 3 young (3072K), 1 survivors (1024K)
 Metaspace       used 8419K, capacity 10870K, committed 11136K, reserved 1058816K
  class space    used 1050K, capacity 1321K, committed 1408K, reserved 1048576K
}
Event: 78,486 GC heap after
{Heap after GC invocations=10 (full 0):
 garbage-first heap   total 32768K, used 4749K [0x00000000e3000000, 0x0000000100000000)
  region size 1024K, 1 young (1024K), 1 survivors (1024K)
 Metaspace       used 8419K, capacity 10870K, committed 11136K, reserved 1058816K
  class space    used 1050K, capacity 1321K, committed 1408K, reserved 1048576K
}
Event: 96,029 GC heap before
{Heap before GC invocations=10 (full 0):
 garbage-first heap   total 32768K, used 5773K [0x00000000e3000000, 0x0000000100000000)
  region size 1024K, 2 young (2048K), 1 survivors (1024K)
 Metaspace       used 8607K, capacity 11036K, committed 11392K, reserved 1058816K
  class space    used 1075K, capacity 1354K, committed 1408K, reserved 1048576K
}

