# JRE version: OpenJDK Runtime Environment (11.0.4+11) (build 11.0.4+11-post-Ubuntu-1ubuntu218.04.3)
# Java VM: OpenJDK 64-Bit Server VM (11.0.4+11-post-Ubuntu-1ubuntu218.04.3, mixed mode, sharing, tiered, compressed oops, g1 gc, linux-amd64)
Heap:
 garbage-first heap   total 113664K, used 16761K [0x00000000e3000000, 0x0000000100000000)
  region size 1024K, 1 young (1024K), 1 survivors (1024K)
 Metaspace       used 17949K, capacity 19276K, committed 19584K, reserved 1067008K
  class space    used 2079K, capacity 2347K, committed 2432K, reserved 1048576K
GC Heap History (10 events):
Event: 23,723 GC heap after
{Heap after GC invocations=21 (full 0):
 garbage-first heap   total 98304K, used 9973K [0x00000000e3000000, 0x0000000100000000)
  region size 1024K, 2 young (2048K), 2 survivors (2048K)
 Metaspace       used 12931K, capacity 14584K, committed 14848K, reserved 1062912K
  class space    used 1502K, capacity 1736K, committed 1792K, reserved 1048576K
}
Event: 25,798 GC heap before
{Heap before GC invocations=21 (full 0):
 garbage-first heap   total 98304K, used 28405K [0x00000000e3000000, 0x0000000100000000)
  region size 1024K, 20 young (20480K), 2 survivors (2048K)
 Metaspace       used 13584K, capacity 15193K, committed 15488K, reserved 1062912K
  class space    used 1576K, capacity 1811K, committed 1920K, reserved 1048576K
}
Event: 25,834 GC heap after
{Heap after GC invocations=22 (full 0):
 garbage-first heap   total 98304K, used 11198K [0x00000000e3000000, 0x0000000100000000)
  region size 1024K, 3 young (3072K), 3 survivors (3072K)
 Metaspace       used 13584K, capacity 15193K, committed 15488K, reserved 1062912K
  class space    used 1576K, capacity 1811K, committed 1920K, reserved 1048576K
}
Event: 27,489 GC heap before
{Heap before GC invocations=22 (full 0):
 garbage-first heap   total 98304K, used 33726K [0x00000000e3000000, 0x0000000100000000)
  region size 1024K, 25 young (25600K), 3 survivors (3072K)
 Metaspace       used 13819K, capacity 15385K, committed 15744K, reserved 1062912K
  class space    used 1577K, capacity 1811K, committed 1920K, reserved 1048576K
}
Event: 27,515 GC heap after
{Heap after GC invocations=23 (full 0):
 garbage-first heap   total 98304K, used 12301K [0x00000000e3000000, 0x0000000100000000)
  region size 1024K, 3 young (3072K), 3 survivors (3072K)
 Metaspace       used 13819K, capacity 15385K, committed 15744K, reserved 1062912K
  class space    used 1577K, capacity 1811K, committed 1920K, reserved 1048576K
}
Event: 31,153 GC heap before
{Heap before GC invocations=23 (full 0):
 garbage-first heap   total 98304K, used 47117K [0x00000000e3000000, 0x0000000100000000)
  region size 1024K, 37 young (37888K), 3 survivors (3072K)
 Metaspace       used 14736K, capacity 16219K, committed 16384K, reserved 1062912K
  class space    used 1687K, capacity 1921K, committed 2048K, reserved 1048576K
}
Event: 31,196 GC heap after
{Heap after GC invocations=24 (full 0):
 garbage-first heap   total 98304K, used 13782K [0x00000000e3000000, 0x0000000100000000)
  region size 1024K, 4 young (4096K), 4 survivors (4096K)
 Metaspace       used 14736K, capacity 16219K, committed 16384K, reserved 1062912K
  class space    used 1687K, capacity 1921K, committed 2048K, reserved 1048576K
}
Event: 148,308 GC heap before
{Heap before GC invocations=24 (full 0):
 garbage-first heap   total 98304K, used 60886K [0x00000000e3000000, 0x0000000100000000)
  region size 1024K, 51 young (52224K), 4 survivors (4096K)
 Metaspace       used 17949K, capacity 19276K, committed 19584K, reserved 1067008K
  class space    used 2079K, capacity 2347K, committed 2432K, reserved 1048576K
}
Event: 150,167 GC heap after
{Heap after GC invocations=25 (full 0):
 garbage-first heap   total 98304K, used 16125K [0x00000000e3000000, 0x0000000100000000)
  region size 1024K, 5 young (5120K), 5 survivors (5120K)
 Metaspace       used 17949K, capacity 19276K, committed 19584K, reserved 1067008K
  class space    used 2079K, capacity 2347K, committed 2432K, reserved 1048576K
}
Event: 157,247 GC heap before
{Heap before GC invocations=25 (full 0):
 garbage-first heap   total 98304K, used 16125K [0x00000000e3000000, 0x0000000100000000)
  region size 1024K, 6 young (6144K), 5 survivors (5120K)
 Metaspace       used 17949K, capacity 19276K, committed 19584K, reserved 1067008K
  class space    used 2079K, capacity 2347K, committed 2432K, reserved 1048576K
}

