# JRE version: OpenJDK Runtime Environment (11.0.4+11) (build 11.0.4+11-post-Ubuntu-1ubuntu218.04.3)
# Java VM: OpenJDK 64-Bit Server VM (11.0.4+11-post-Ubuntu-1ubuntu218.04.3, mixed mode, sharing, tiered, compressed oops, g1 gc, linux-amd64)
Heap:
 garbage-first heap   total 254976K, used 19154K [0x00000000e3000000, 0x0000000100000000)
  region size 1024K, 1 young (1024K), 1 survivors (1024K)
 Metaspace       used 22659K, capacity 23551K, committed 23856K, reserved 1071104K
  class space    used 2676K, capacity 2925K, committed 2944K, reserved 1048576K
GC Heap History (10 events):
Event: 105,683 GC heap after
{Heap after GC invocations=25 (full 0):
 garbage-first heap   total 107520K, used 16741K [0x00000000e3000000, 0x0000000100000000)
  region size 1024K, 1 young (1024K), 1 survivors (1024K)
 Metaspace       used 17993K, capacity 19278K, committed 19584K, reserved 1067008K
  class space    used 2082K, capacity 2347K, committed 2432K, reserved 1048576K
}
Event: 105,727 GC heap before
{Heap before GC invocations=25 (full 0):
 garbage-first heap   total 107520K, used 19813K [0x00000000e3000000, 0x0000000100000000)
  region size 1024K, 5 young (5120K), 1 survivors (1024K)
 Metaspace       used 17994K, capacity 19278K, committed 19584K, reserved 1067008K
  class space    used 2082K, capacity 2347K, committed 2432K, reserved 1048576K
}
Event: 105,729 GC heap after
{Heap after GC invocations=26 (full 0):
 garbage-first heap   total 107520K, used 16238K [0x00000000e3000000, 0x0000000100000000)
  region size 1024K, 1 young (1024K), 1 survivors (1024K)
 Metaspace       used 17994K, capacity 19278K, committed 19584K, reserved 1067008K
  class space    used 2082K, capacity 2347K, committed 2432K, reserved 1048576K
}
Event: 105,832 GC heap before
{Heap before GC invocations=26 (full 0):
 garbage-first heap   total 107520K, used 19310K [0x00000000e3000000, 0x0000000100000000)
  region size 1024K, 5 young (5120K), 1 survivors (1024K)
 Metaspace       used 17999K, capacity 19278K, committed 19584K, reserved 1067008K
  class space    used 2082K, capacity 2347K, committed 2432K, reserved 1048576K
}
Event: 105,841 GC heap after
{Heap after GC invocations=27 (full 0):
 garbage-first heap   total 107520K, used 16844K [0x00000000e3000000, 0x0000000100000000)
  region size 1024K, 1 young (1024K), 1 survivors (1024K)
 Metaspace       used 17999K, capacity 19278K, committed 19584K, reserved 1067008K
  class space    used 2082K, capacity 2347K, committed 2432K, reserved 1048576K
}
Event: 105,986 GC heap before
{Heap before GC invocations=27 (full 0):
 garbage-first heap   total 107520K, used 19916K [0x00000000e3000000, 0x0000000100000000)
  region size 1024K, 5 young (5120K), 1 survivors (1024K)
 Metaspace       used 18003K, capacity 19278K, committed 19584K, reserved 1067008K
  class space    used 2082K, capacity 2347K, committed 2432K, reserved 1048576K
}
Event: 105,987 GC heap after
{Heap after GC invocations=28 (full 0):
 garbage-first heap   total 107520K, used 16375K [0x00000000e3000000, 0x0000000100000000)
  region size 1024K, 1 young (1024K), 1 survivors (1024K)
 Metaspace       used 18003K, capacity 19278K, committed 19584K, reserved 1067008K
  class space    used 2082K, capacity 2347K, committed 2432K, reserved 1048576K
}
Event: 107,344 GC heap before
{Heap before GC invocations=28 (full 0):
 garbage-first heap   total 107520K, used 16375K [0x00000000e3000000, 0x0000000100000000)
  region size 1024K, 3 young (3072K), 1 survivors (1024K)
 Metaspace       used 20117K, capacity 21118K, committed 21296K, reserved 1069056K
  class space    used 2366K, capacity 2601K, committed 2688K, reserved 1048576K
}
Event: 107,350 GC heap after
{Heap after GC invocations=29 (full 0):
 garbage-first heap   total 107520K, used 16808K [0x00000000e3000000, 0x0000000100000000)
  region size 1024K, 1 young (1024K), 1 survivors (1024K)
 Metaspace       used 20117K, capacity 21118K, committed 21296K, reserved 1069056K
  class space    used 2366K, capacity 2601K, committed 2688K, reserved 1048576K
}
Event: 115,136 GC heap before
{Heap before GC invocations=30 (full 0):
 garbage-first heap   total 107520K, used 19880K [0x00000000e3000000, 0x0000000100000000)
  region size 1024K, 5 young (5120K), 1 survivors (1024K)
 Metaspace       used 22659K, capacity 23551K, committed 23856K, reserved 1071104K
  class space    used 2676K, capacity 2925K, committed 2944K, reserved 1048576K
}

