# JRE version: OpenJDK Runtime Environment (11.0.4+11) (build 11.0.4+11-post-Ubuntu-1ubuntu218.04.3)
# Java VM: OpenJDK 64-Bit Server VM (11.0.4+11-post-Ubuntu-1ubuntu218.04.3, mixed mode, sharing, tiered, compressed oops, g1 gc, linux-amd64)
Heap:
 garbage-first heap   total 119808K, used 43987K [0x00000000e3000000, 0x0000000100000000)
  region size 1024K, 2 young (2048K), 2 survivors (2048K)
 Metaspace       used 24828K, capacity 25569K, committed 25728K, reserved 1071104K
  class space    used 2823K, capacity 3074K, committed 3200K, reserved 1048576K
GC Heap History (10 events):
Event: 20,379 GC heap after
{Heap after GC invocations=29 (full 0):
 garbage-first heap   total 55296K, used 36472K [0x00000000e3000000, 0x0000000100000000)
  region size 1024K, 2 young (2048K), 2 survivors (2048K)
 Metaspace       used 23945K, capacity 24586K, committed 24832K, reserved 1071104K
  class space    used 2768K, capacity 3008K, committed 3072K, reserved 1048576K
}
Event: 20,889 GC heap before
{Heap before GC invocations=30 (full 0):
 garbage-first heap   total 55296K, used 42616K [0x00000000e3000000, 0x0000000100000000)
  region size 1024K, 8 young (8192K), 2 survivors (2048K)
 Metaspace       used 24119K, capacity 24759K, committed 25088K, reserved 1071104K
  class space    used 2791K, capacity 3024K, committed 3072K, reserved 1048576K
}
Event: 20,911 GC heap after
{Heap after GC invocations=31 (full 0):
 garbage-first heap   total 67584K, used 37463K [0x00000000e3000000, 0x0000000100000000)
  region size 1024K, 1 young (1024K), 1 survivors (1024K)
 Metaspace       used 24119K, capacity 24759K, committed 25088K, reserved 1071104K
  class space    used 2791K, capacity 3024K, committed 3072K, reserved 1048576K
}
Event: 21,371 GC heap before
{Heap before GC invocations=31 (full 0):
 garbage-first heap   total 67584K, used 47703K [0x00000000e3000000, 0x0000000100000000)
  region size 1024K, 11 young (11264K), 1 survivors (1024K)
 Metaspace       used 24390K, capacity 25082K, committed 25344K, reserved 1071104K
  class space    used 2815K, capacity 3066K, committed 3072K, reserved 1048576K
}
Event: 21,401 GC heap after
{Heap after GC invocations=32 (full 0):
 garbage-first heap   total 67584K, used 39038K [0x00000000e3000000, 0x0000000100000000)
  region size 1024K, 2 young (2048K), 2 survivors (2048K)
 Metaspace       used 24390K, capacity 25082K, committed 25344K, reserved 1071104K
  class space    used 2815K, capacity 3066K, committed 3072K, reserved 1048576K
}
Event: 22,609 GC heap before
{Heap before GC invocations=33 (full 0):
 garbage-first heap   total 67584K, used 48254K [0x00000000e3000000, 0x0000000100000000)
  region size 1024K, 11 young (11264K), 2 survivors (2048K)
 Metaspace       used 24516K, capacity 25217K, committed 25344K, reserved 1071104K
  class space    used 2819K, capacity 3068K, committed 3072K, reserved 1048576K
}
Event: 22,640 GC heap after
{Heap after GC invocations=34 (full 0):
 garbage-first heap   total 67584K, used 40585K [0x00000000e3000000, 0x0000000100000000)
  region size 1024K, 2 young (2048K), 2 survivors (2048K)
 Metaspace       used 24516K, capacity 25217K, committed 25344K, reserved 1071104K
  class space    used 2819K, capacity 3068K, committed 3072K, reserved 1048576K
}
Event: 23,686 GC heap before
{Heap before GC invocations=34 (full 0):
 garbage-first heap   total 67584K, used 49801K [0x00000000e3000000, 0x0000000100000000)
  region size 1024K, 11 young (11264K), 2 survivors (2048K)
 Metaspace       used 24788K, capacity 25503K, committed 25728K, reserved 1071104K
  class space    used 2823K, capacity 3074K, committed 3200K, reserved 1048576K
}
Event: 23,761 GC heap after
{Heap after GC invocations=35 (full 0):
 garbage-first heap   total 67584K, used 42277K [0x00000000e3000000, 0x0000000100000000)
  region size 1024K, 2 young (2048K), 2 survivors (2048K)
 Metaspace       used 24788K, capacity 25503K, committed 25728K, reserved 1071104K
  class space    used 2823K, capacity 3074K, committed 3200K, reserved 1048576K
}
Event: 24,662 GC heap before
{Heap before GC invocations=36 (full 0):
 garbage-first heap   total 67584K, used 49445K [0x00000000e3000000, 0x0000000100000000)
  region size 1024K, 10 young (10240K), 2 survivors (2048K)
 Metaspace       used 24828K, capacity 25569K, committed 25728K, reserved 1071104K
  class space    used 2823K, capacity 3074K, committed 3200K, reserved 1048576K
}

