# JRE version: OpenJDK Runtime Environment (11.0.4+11) (build 11.0.4+11-post-Ubuntu-1ubuntu218.04.3)
# Java VM: OpenJDK 64-Bit Server VM (11.0.4+11-post-Ubuntu-1ubuntu218.04.3, mixed mode, sharing, tiered, compressed oops, g1 gc, linux-amd64)
Heap:
 garbage-first heap   total 181248K, used 15940K [0x00000000e3000000, 0x0000000100000000)
  region size 1024K, 1 young (1024K), 1 survivors (1024K)
 Metaspace       used 17858K, capacity 19210K, committed 19584K, reserved 1067008K
  class space    used 2073K, capacity 2346K, committed 2432K, reserved 1048576K
GC Heap History (10 events):
Event: 94,002 GC heap after
{Heap after GC invocations=16 (full 0):
 garbage-first heap   total 60416K, used 15735K [0x00000000e3000000, 0x0000000100000000)
  region size 1024K, 2 young (2048K), 2 survivors (2048K)
 Metaspace       used 17856K, capacity 19210K, committed 19584K, reserved 1067008K
  class space    used 2073K, capacity 2346K, committed 2432K, reserved 1048576K
}
Event: 100,462 GC heap before
{Heap before GC invocations=16 (full 0):
 garbage-first heap   total 60416K, used 16759K [0x00000000e3000000, 0x0000000100000000)
  region size 1024K, 3 young (3072K), 2 survivors (2048K)
 Metaspace       used 17856K, capacity 19210K, committed 19584K, reserved 1067008K
  class space    used 2073K, capacity 2346K, committed 2432K, reserved 1048576K
}
Event: 106,830 GC heap after
{Heap after GC invocations=17 (full 0):
 garbage-first heap   total 60416K, used 15961K [0x00000000e3000000, 0x0000000100000000)
  region size 1024K, 1 young (1024K), 1 survivors (1024K)
 Metaspace       used 17856K, capacity 19210K, committed 19584K, reserved 1067008K
  class space    used 2073K, capacity 2346K, committed 2432K, reserved 1048576K
}
Event: 109,360 GC heap before
{Heap before GC invocations=17 (full 0):
 garbage-first heap   total 60416K, used 16985K [0x00000000e3000000, 0x0000000100000000)
  region size 1024K, 2 young (2048K), 1 survivors (1024K)
 Metaspace       used 17857K, capacity 19210K, committed 19584K, reserved 1067008K
  class space    used 2073K, capacity 2346K, committed 2432K, reserved 1048576K
}
Event: 114,420 GC heap after
{Heap after GC invocations=18 (full 0):
 garbage-first heap   total 60416K, used 15692K [0x00000000e3000000, 0x0000000100000000)
  region size 1024K, 1 young (1024K), 1 survivors (1024K)
 Metaspace       used 17857K, capacity 19210K, committed 19584K, reserved 1067008K
  class space    used 2073K, capacity 2346K, committed 2432K, reserved 1048576K
}
Event: 121,049 GC heap before
{Heap before GC invocations=18 (full 0):
 garbage-first heap   total 60416K, used 15692K [0x00000000e3000000, 0x0000000100000000)
  region size 1024K, 2 young (2048K), 1 survivors (1024K)
 Metaspace       used 17857K, capacity 19210K, committed 19584K, reserved 1067008K
  class space    used 2073K, capacity 2346K, committed 2432K, reserved 1048576K
}
Event: 121,203 GC heap after
{Heap after GC invocations=19 (full 0):
 garbage-first heap   total 60416K, used 15473K [0x00000000e3000000, 0x0000000100000000)
  region size 1024K, 1 young (1024K), 1 survivors (1024K)
 Metaspace       used 17857K, capacity 19210K, committed 19584K, reserved 1067008K
  class space    used 2073K, capacity 2346K, committed 2432K, reserved 1048576K
}
Event: 121,767 GC heap before
{Heap before GC invocations=19 (full 0):
 garbage-first heap   total 60416K, used 15473K [0x00000000e3000000, 0x0000000100000000)
  region size 1024K, 2 young (2048K), 1 survivors (1024K)
 Metaspace       used 17857K, capacity 19210K, committed 19584K, reserved 1067008K
  class space    used 2073K, capacity 2346K, committed 2432K, reserved 1048576K
}
Event: 123,112 GC heap after
{Heap after GC invocations=20 (full 0):
 garbage-first heap   total 60416K, used 15938K [0x00000000e3000000, 0x0000000100000000)
  region size 1024K, 1 young (1024K), 1 survivors (1024K)
 Metaspace       used 17857K, capacity 19210K, committed 19584K, reserved 1067008K
  class space    used 2073K, capacity 2346K, committed 2432K, reserved 1048576K
}
Event: 124,720 GC heap before
{Heap before GC invocations=20 (full 0):
 garbage-first heap   total 60416K, used 15938K [0x00000000e3000000, 0x0000000100000000)
  region size 1024K, 2 young (2048K), 1 survivors (1024K)
 Metaspace       used 17858K, capacity 19210K, committed 19584K, reserved 1067008K
  class space    used 2073K, capacity 2346K, committed 2432K, reserved 1048576K
}

