# JRE version: OpenJDK Runtime Environment (11.0.4+11) (build 11.0.4+11-post-Ubuntu-1ubuntu218.04.3)
# Java VM: OpenJDK 64-Bit Server VM (11.0.4+11-post-Ubuntu-1ubuntu218.04.3, mixed mode, sharing, tiered, compressed oops, g1 gc, linux-amd64)
Heap:
 garbage-first heap   total 238592K, used 43727K [0x00000000e3000000, 0x0000000100000000)
  region size 1024K, 1 young (1024K), 1 survivors (1024K)
 Metaspace       used 24835K, capacity 25490K, committed 25600K, reserved 1071104K
  class space    used 2821K, capacity 3069K, committed 3072K, reserved 1048576K
GC Heap History (10 events):
Event: 33,560 GC heap after
{Heap after GC invocations=39 (full 0):
 garbage-first heap   total 80896K, used 40293K [0x00000000e3000000, 0x0000000100000000)
  region size 1024K, 1 young (1024K), 1 survivors (1024K)
 Metaspace       used 24509K, capacity 25203K, committed 25344K, reserved 1071104K
  class space    used 2817K, capacity 3063K, committed 3072K, reserved 1048576K
}
Event: 47,401 GC heap before
{Heap before GC invocations=40 (full 0):
 garbage-first heap   total 80896K, used 54629K [0x00000000e3000000, 0x0000000100000000)
  region size 1024K, 15 young (15360K), 1 survivors (1024K)
 Metaspace       used 24805K, capacity 25488K, committed 25600K, reserved 1071104K
  class space    used 2821K, capacity 3069K, committed 3072K, reserved 1048576K
}
Event: 49,278 GC heap after
{Heap after GC invocations=41 (full 0):
 garbage-first heap   total 80896K, used 42722K [0x00000000e3000000, 0x0000000100000000)
  region size 1024K, 2 young (2048K), 2 survivors (2048K)
 Metaspace       used 24805K, capacity 25488K, committed 25600K, reserved 1071104K
  class space    used 2821K, capacity 3069K, committed 3072K, reserved 1048576K
}
Event: 49,895 GC heap before
{Heap before GC invocations=41 (full 0):
 garbage-first heap   total 80896K, used 42722K [0x00000000e3000000, 0x0000000100000000)
  region size 1024K, 3 young (3072K), 2 survivors (2048K)
 Metaspace       used 24808K, capacity 25488K, committed 25600K, reserved 1071104K
  class space    used 2821K, capacity 3069K, committed 3072K, reserved 1048576K
}
Event: 50,528 GC heap after
{Heap after GC invocations=42 (full 0):
 garbage-first heap   total 80896K, used 43197K [0x00000000e3000000, 0x0000000100000000)
  region size 1024K, 1 young (1024K), 1 survivors (1024K)
 Metaspace       used 24808K, capacity 25488K, committed 25600K, reserved 1071104K
  class space    used 2821K, capacity 3069K, committed 3072K, reserved 1048576K
}
Event: 61,199 GC heap before
{Heap before GC invocations=43 (full 0):
 garbage-first heap   total 80896K, used 45245K [0x00000000e3000000, 0x0000000100000000)
  region size 1024K, 3 young (3072K), 1 survivors (1024K)
 Metaspace       used 24832K, capacity 25489K, committed 25600K, reserved 1071104K
  class space    used 2821K, capacity 3069K, committed 3072K, reserved 1048576K
}
Event: 61,293 GC heap after
{Heap after GC invocations=44 (full 0):
 garbage-first heap   total 80896K, used 43344K [0x00000000e3000000, 0x0000000100000000)
  region size 1024K, 1 young (1024K), 1 survivors (1024K)
 Metaspace       used 24832K, capacity 25489K, committed 25600K, reserved 1071104K
  class space    used 2821K, capacity 3069K, committed 3072K, reserved 1048576K
}
Event: 75,550 GC heap before
{Heap before GC invocations=44 (full 0):
 garbage-first heap   total 80896K, used 45392K [0x00000000e3000000, 0x0000000100000000)
  region size 1024K, 3 young (3072K), 1 survivors (1024K)
 Metaspace       used 24835K, capacity 25490K, committed 25600K, reserved 1071104K
  class space    used 2821K, capacity 3069K, committed 3072K, reserved 1048576K
}
Event: 80,020 GC heap after
{Heap after GC invocations=45 (full 0):
 garbage-first heap   total 80896K, used 43553K [0x00000000e3000000, 0x0000000100000000)
  region size 1024K, 1 young (1024K), 1 survivors (1024K)
 Metaspace       used 24835K, capacity 25490K, committed 25600K, reserved 1071104K
  class space    used 2821K, capacity 3069K, committed 3072K, reserved 1048576K
}
Event: 84,523 GC heap before
{Heap before GC invocations=46 (full 0):
 garbage-first heap   total 80896K, used 43553K [0x00000000e3000000, 0x0000000100000000)
  region size 1024K, 2 young (2048K), 1 survivors (1024K)
 Metaspace       used 24835K, capacity 25490K, committed 25600K, reserved 1071104K
  class space    used 2821K, capacity 3069K, committed 3072K, reserved 1048576K
}

