# JRE version: OpenJDK Runtime Environment (11.0.4+11) (build 11.0.4+11-post-Ubuntu-1ubuntu218.04.3)
# Java VM: OpenJDK 64-Bit Server VM (11.0.4+11-post-Ubuntu-1ubuntu218.04.3, mixed mode, sharing, tiered, compressed oops, g1 gc, linux-amd64)
Heap:
 garbage-first heap   total 67584K, used 15377K [0x00000000e3000000, 0x0000000100000000)
  region size 1024K, 1 young (1024K), 1 survivors (1024K)
 Metaspace       used 16220K, capacity 17649K, committed 17792K, reserved 1064960K
  class space    used 1881K, capacity 2163K, committed 2176K, reserved 1048576K
GC Heap History (10 events):
Event: 117,455 GC heap after
{Heap after GC invocations=14 (full 0):
 garbage-first heap   total 48128K, used 13485K [0x00000000e3000000, 0x0000000100000000)
  region size 1024K, 3 young (3072K), 3 survivors (3072K)
 Metaspace       used 14061K, capacity 15630K, committed 16000K, reserved 1062912K
  class space    used 1610K, capacity 1850K, committed 1920K, reserved 1048576K
}
Event: 321,414 GC heap before
{Heap before GC invocations=14 (full 0):
 garbage-first heap   total 48128K, used 31917K [0x00000000e3000000, 0x0000000100000000)
  region size 1024K, 21 young (21504K), 3 survivors (3072K)
 Metaspace       used 15567K, capacity 17050K, committed 17280K, reserved 1064960K
  class space    used 1828K, capacity 2086K, committed 2176K, reserved 1048576K
}
Event: 321,906 GC heap after
{Heap after GC invocations=15 (full 0):
 garbage-first heap   total 48128K, used 14522K [0x00000000e3000000, 0x0000000100000000)
  region size 1024K, 3 young (3072K), 3 survivors (3072K)
 Metaspace       used 15567K, capacity 17050K, committed 17280K, reserved 1064960K
  class space    used 1828K, capacity 2086K, committed 2176K, reserved 1048576K
}
Event: 571,090 GC heap before
{Heap before GC invocations=15 (full 0):
 garbage-first heap   total 48128K, used 31930K [0x00000000e3000000, 0x0000000100000000)
  region size 1024K, 20 young (20480K), 3 survivors (3072K)
 Metaspace       used 16012K, capacity 17421K, committed 17792K, reserved 1064960K
  class space    used 1862K, capacity 2127K, committed 2176K, reserved 1048576K
}
Event: 572,346 GC heap after
{Heap after GC invocations=16 (full 0):
 garbage-first heap   total 48128K, used 15306K [0x00000000e3000000, 0x0000000100000000)
  region size 1024K, 2 young (2048K), 2 survivors (2048K)
 Metaspace       used 16012K, capacity 17421K, committed 17792K, reserved 1064960K
  class space    used 1862K, capacity 2127K, committed 2176K, reserved 1048576K
}
Event: 627,239 GC heap before
{Heap before GC invocations=16 (full 0):
 garbage-first heap   total 48128K, used 15306K [0x00000000e3000000, 0x0000000100000000)
  region size 1024K, 3 young (3072K), 2 survivors (2048K)
 Metaspace       used 16066K, capacity 17521K, committed 17792K, reserved 1064960K
  class space    used 1871K, capacity 2163K, committed 2176K, reserved 1048576K
}
Event: 628,811 GC heap after
{Heap after GC invocations=17 (full 0):
 garbage-first heap   total 48128K, used 15429K [0x00000000e3000000, 0x0000000100000000)
  region size 1024K, 1 young (1024K), 1 survivors (1024K)
 Metaspace       used 16066K, capacity 17521K, committed 17792K, reserved 1064960K
  class space    used 1871K, capacity 2163K, committed 2176K, reserved 1048576K
}
Event: 707,486 GC heap before
{Heap before GC invocations=17 (full 0):
 garbage-first heap   total 48128K, used 16453K [0x00000000e3000000, 0x0000000100000000)
  region size 1024K, 2 young (2048K), 1 survivors (1024K)
 Metaspace       used 16183K, capacity 17585K, committed 17792K, reserved 1064960K
  class space    used 1878K, capacity 2163K, committed 2176K, reserved 1048576K
}
Event: 711,075 GC heap after
{Heap after GC invocations=18 (full 0):
 garbage-first heap   total 48128K, used 15384K [0x00000000e3000000, 0x0000000100000000)
  region size 1024K, 1 young (1024K), 1 survivors (1024K)
 Metaspace       used 16183K, capacity 17585K, committed 17792K, reserved 1064960K
  class space    used 1878K, capacity 2163K, committed 2176K, reserved 1048576K
}
Event: 723,852 GC heap before
{Heap before GC invocations=18 (full 0):
 garbage-first heap   total 48128K, used 16408K [0x00000000e3000000, 0x0000000100000000)
  region size 1024K, 2 young (2048K), 1 survivors (1024K)
 Metaspace       used 16220K, capacity 17649K, committed 17792K, reserved 1064960K
  class space    used 1881K, capacity 2163K, committed 2176K, reserved 1048576K
}

