# JRE version: OpenJDK Runtime Environment (11.0.4+11) (build 11.0.4+11-post-Ubuntu-1ubuntu218.04.3)
# Java VM: OpenJDK 64-Bit Server VM (11.0.4+11-post-Ubuntu-1ubuntu218.04.3, mixed mode, sharing, tiered, compressed oops, g1 gc, linux-amd64)
Heap:
 garbage-first heap   total 112640K, used 35446K [0x00000000e3000000, 0x0000000100000000)
  region size 1024K, 1 young (1024K), 1 survivors (1024K)
 Metaspace       used 24362K, capacity 25110K, committed 25344K, reserved 1071104K
  class space    used 2807K, capacity 3054K, committed 3072K, reserved 1048576K
GC Heap History (10 events):
Event: 21,292 GC heap after
{Heap after GC invocations=20 (full 0):
 garbage-first heap   total 62464K, used 23974K [0x00000000e3000000, 0x0000000100000000)
  region size 1024K, 1 young (1024K), 1 survivors (1024K)
 Metaspace       used 23721K, capacity 24482K, committed 24832K, reserved 1071104K
  class space    used 2763K, capacity 3000K, committed 3072K, reserved 1048576K
}
Event: 21,856 GC heap before
{Heap before GC invocations=21 (full 0):
 garbage-first heap   total 62464K, used 40358K [0x00000000e3000000, 0x0000000100000000)
  region size 1024K, 18 young (18432K), 1 survivors (1024K)
 Metaspace       used 23796K, capacity 24482K, committed 24832K, reserved 1071104K
  class space    used 2763K, capacity 3000K, committed 3072K, reserved 1048576K
}
Event: 22,050 GC heap after
{Heap after GC invocations=22 (full 0):
 garbage-first heap   total 62464K, used 25775K [0x00000000e3000000, 0x0000000100000000)
  region size 1024K, 2 young (2048K), 2 survivors (2048K)
 Metaspace       used 23796K, capacity 24482K, committed 24832K, reserved 1071104K
  class space    used 2763K, capacity 3000K, committed 3072K, reserved 1048576K
}
Event: 39,951 GC heap before
{Heap before GC invocations=22 (full 0):
 garbage-first heap   total 62464K, used 42159K [0x00000000e3000000, 0x0000000100000000)
  region size 1024K, 19 young (19456K), 2 survivors (2048K)
 Metaspace       used 23818K, capacity 24486K, committed 24832K, reserved 1071104K
  class space    used 2763K, capacity 3000K, committed 3072K, reserved 1048576K
}
Event: 40,189 GC heap after
{Heap after GC invocations=23 (full 0):
 garbage-first heap   total 62464K, used 30447K [0x00000000e3000000, 0x0000000100000000)
  region size 1024K, 3 young (3072K), 3 survivors (3072K)
 Metaspace       used 23818K, capacity 24486K, committed 24832K, reserved 1071104K
  class space    used 2763K, capacity 3000K, committed 3072K, reserved 1048576K
}
Event: 63,614 GC heap before
{Heap before GC invocations=23 (full 0):
 garbage-first heap   total 62464K, used 43759K [0x00000000e3000000, 0x0000000100000000)
  region size 1024K, 16 young (16384K), 3 survivors (3072K)
 Metaspace       used 24075K, capacity 24740K, committed 25088K, reserved 1071104K
  class space    used 2790K, capacity 3017K, committed 3072K, reserved 1048576K
}
Event: 63,773 GC heap after
{Heap after GC invocations=24 (full 0):
 garbage-first heap   total 62464K, used 33181K [0x00000000e3000000, 0x0000000100000000)
  region size 1024K, 2 young (2048K), 2 survivors (2048K)
 Metaspace       used 24075K, capacity 24740K, committed 25088K, reserved 1071104K
  class space    used 2790K, capacity 3017K, committed 3072K, reserved 1048576K
}
Event: 79,585 GC heap before
{Heap before GC invocations=25 (full 0):
 garbage-first heap   total 62464K, used 45469K [0x00000000e3000000, 0x0000000100000000)
  region size 1024K, 14 young (14336K), 2 survivors (2048K)
 Metaspace       used 24281K, capacity 25041K, committed 25344K, reserved 1071104K
  class space    used 2805K, capacity 3052K, committed 3072K, reserved 1048576K
}
Event: 80,440 GC heap after
{Heap after GC invocations=26 (full 0):
 garbage-first heap   total 62464K, used 35148K [0x00000000e3000000, 0x0000000100000000)
  region size 1024K, 2 young (2048K), 2 survivors (2048K)
 Metaspace       used 24281K, capacity 25041K, committed 25344K, reserved 1071104K
  class space    used 2805K, capacity 3052K, committed 3072K, reserved 1048576K
}
Event: 82,771 GC heap before
{Heap before GC invocations=26 (full 0):
 garbage-first heap   total 62464K, used 36172K [0x00000000e3000000, 0x0000000100000000)
  region size 1024K, 3 young (3072K), 2 survivors (2048K)
 Metaspace       used 24362K, capacity 25110K, committed 25344K, reserved 1071104K
  class space    used 2807K, capacity 3054K, committed 3072K, reserved 1048576K
}

