# JRE version: OpenJDK Runtime Environment (11.0.4+11) (build 11.0.4+11-post-Ubuntu-1ubuntu218.04.3)
# Java VM: OpenJDK 64-Bit Server VM (11.0.4+11-post-Ubuntu-1ubuntu218.04.3, mixed mode, sharing, tiered, compressed oops, g1 gc, linux-amd64)
Heap:
 garbage-first heap   total 102400K, used 25875K [0x00000000e3000000, 0x0000000100000000)
  region size 1024K, 1 young (1024K), 1 survivors (1024K)
 Metaspace       used 23781K, capacity 24563K, committed 24832K, reserved 1071104K
  class space    used 2763K, capacity 3006K, committed 3072K, reserved 1048576K
GC Heap History (10 events):
Event: 273,938 GC heap after
{Heap after GC invocations=26 (full 0):
 garbage-first heap   total 41984K, used 24503K [0x00000000e3000000, 0x0000000100000000)
  region size 1024K, 2 young (2048K), 2 survivors (2048K)
 Metaspace       used 23720K, capacity 24495K, committed 24576K, reserved 1071104K
  class space    used 2760K, capacity 3005K, committed 3072K, reserved 1048576K
}
Event: 275,325 GC heap before
{Heap before GC invocations=26 (full 0):
 garbage-first heap   total 41984K, used 29623K [0x00000000e3000000, 0x0000000100000000)
  region size 1024K, 8 young (8192K), 2 survivors (2048K)
 Metaspace       used 23781K, capacity 24563K, committed 24832K, reserved 1071104K
  class space    used 2763K, capacity 3006K, committed 3072K, reserved 1048576K
}
Event: 275,733 GC heap after
{Heap after GC invocations=27 (full 0):
 garbage-first heap   total 51200K, used 25833K [0x00000000e3000000, 0x0000000100000000)
  region size 1024K, 1 young (1024K), 1 survivors (1024K)
 Metaspace       used 23781K, capacity 24563K, committed 24832K, reserved 1071104K
  class space    used 2763K, capacity 3006K, committed 3072K, reserved 1048576K
}
Event: 276,360 GC heap before
{Heap before GC invocations=27 (full 0):
 garbage-first heap   total 51200K, used 34025K [0x00000000e3000000, 0x0000000100000000)
  region size 1024K, 10 young (10240K), 1 survivors (1024K)
 Metaspace       used 23781K, capacity 24563K, committed 24832K, reserved 1071104K
  class space    used 2763K, capacity 3006K, committed 3072K, reserved 1048576K
}
Event: 277,530 GC heap after
{Heap after GC invocations=28 (full 0):
 garbage-first heap   total 51200K, used 25833K [0x00000000e3000000, 0x0000000100000000)
  region size 1024K, 1 young (1024K), 1 survivors (1024K)
 Metaspace       used 23781K, capacity 24563K, committed 24832K, reserved 1071104K
  class space    used 2763K, capacity 3006K, committed 3072K, reserved 1048576K
}
Event: 277,749 GC heap before
{Heap before GC invocations=28 (full 0):
 garbage-first heap   total 51200K, used 25833K [0x00000000e3000000, 0x0000000100000000)
  region size 1024K, 2 young (2048K), 1 survivors (1024K)
 Metaspace       used 23781K, capacity 24563K, committed 24832K, reserved 1071104K
  class space    used 2763K, capacity 3006K, committed 3072K, reserved 1048576K
}
Event: 278,983 GC heap after
{Heap after GC invocations=29 (full 0):
 garbage-first heap   total 51200K, used 25854K [0x00000000e3000000, 0x0000000100000000)
  region size 1024K, 1 young (1024K), 1 survivors (1024K)
 Metaspace       used 23781K, capacity 24563K, committed 24832K, reserved 1071104K
  class space    used 2763K, capacity 3006K, committed 3072K, reserved 1048576K
}
Event: 280,459 GC heap before
{Heap before GC invocations=29 (full 0):
 garbage-first heap   total 51200K, used 25854K [0x00000000e3000000, 0x0000000100000000)
  region size 1024K, 2 young (2048K), 1 survivors (1024K)
 Metaspace       used 23781K, capacity 24563K, committed 24832K, reserved 1071104K
  class space    used 2763K, capacity 3006K, committed 3072K, reserved 1048576K
}
Event: 281,868 GC heap after
{Heap after GC invocations=30 (full 0):
 garbage-first heap   total 51200K, used 25856K [0x00000000e3000000, 0x0000000100000000)
  region size 1024K, 1 young (1024K), 1 survivors (1024K)
 Metaspace       used 23781K, capacity 24563K, committed 24832K, reserved 1071104K
  class space    used 2763K, capacity 3006K, committed 3072K, reserved 1048576K
}
Event: 284,633 GC heap before
{Heap before GC invocations=30 (full 0):
 garbage-first heap   total 51200K, used 25856K [0x00000000e3000000, 0x0000000100000000)
  region size 1024K, 2 young (2048K), 1 survivors (1024K)
 Metaspace       used 23781K, capacity 24563K, committed 24832K, reserved 1071104K
  class space    used 2763K, capacity 3006K, committed 3072K, reserved 1048576K
}

