# JRE version: OpenJDK Runtime Environment (11.0.4+11) (build 11.0.4+11-post-Ubuntu-1ubuntu218.04.3)
# Java VM: OpenJDK 64-Bit Server VM (11.0.4+11-post-Ubuntu-1ubuntu218.04.3, mixed mode, sharing, tiered, compressed oops, g1 gc, linux-amd64)
Heap:
 garbage-first heap   total 59392K, used 14251K [0x00000000e3000000, 0x0000000100000000)
  region size 1024K, 1 young (1024K), 1 survivors (1024K)
 Metaspace       used 15763K, capacity 17252K, committed 17536K, reserved 1064960K
  class space    used 1845K, capacity 2113K, committed 2176K, reserved 1048576K
GC Heap History (10 events):
Event: 84,179 GC heap after
{Heap after GC invocations=15 (full 0):
 garbage-first heap   total 32768K, used 12172K [0x00000000e3000000, 0x0000000100000000)
  region size 1024K, 2 young (2048K), 2 survivors (2048K)
 Metaspace       used 13449K, capacity 15035K, committed 15360K, reserved 1062912K
  class space    used 1518K, capacity 1737K, committed 1792K, reserved 1048576K
}
Event: 85,601 GC heap before
{Heap before GC invocations=15 (full 0):
 garbage-first heap   total 32768K, used 24460K [0x00000000e3000000, 0x0000000100000000)
  region size 1024K, 14 young (14336K), 2 survivors (2048K)
 Metaspace       used 13870K, capacity 15379K, committed 15744K, reserved 1062912K
  class space    used 1571K, capacity 1809K, committed 1920K, reserved 1048576K
}
Event: 85,690 GC heap after
{Heap after GC invocations=16 (full 0):
 garbage-first heap   total 32768K, used 12918K [0x00000000e3000000, 0x0000000100000000)
  region size 1024K, 2 young (2048K), 2 survivors (2048K)
 Metaspace       used 13870K, capacity 15379K, committed 15744K, reserved 1062912K
  class space    used 1571K, capacity 1809K, committed 1920K, reserved 1048576K
}
Event: 178,506 GC heap before
{Heap before GC invocations=16 (full 0):
 garbage-first heap   total 32768K, used 24182K [0x00000000e3000000, 0x0000000100000000)
  region size 1024K, 13 young (13312K), 2 survivors (2048K)
 Metaspace       used 15410K, capacity 16876K, committed 17280K, reserved 1064960K
  class space    used 1813K, capacity 2073K, committed 2176K, reserved 1048576K
}
Event: 178,840 GC heap after
{Heap after GC invocations=17 (full 0):
 garbage-first heap   total 32768K, used 13715K [0x00000000e3000000, 0x0000000100000000)
  region size 1024K, 2 young (2048K), 2 survivors (2048K)
 Metaspace       used 15410K, capacity 16876K, committed 17280K, reserved 1064960K
  class space    used 1813K, capacity 2073K, committed 2176K, reserved 1048576K
}
Event: 356,201 GC heap before
{Heap before GC invocations=17 (full 0):
 garbage-first heap   total 32768K, used 23955K [0x00000000e3000000, 0x0000000100000000)
  region size 1024K, 12 young (12288K), 2 survivors (2048K)
 Metaspace       used 15763K, capacity 17252K, committed 17536K, reserved 1064960K
  class space    used 1845K, capacity 2113K, committed 2176K, reserved 1048576K
}
Event: 360,196 GC heap after
{Heap after GC invocations=18 (full 0):
 garbage-first heap   total 32768K, used 14278K [0x00000000e3000000, 0x0000000100000000)
  region size 1024K, 2 young (2048K), 2 survivors (2048K)
 Metaspace       used 15763K, capacity 17252K, committed 17536K, reserved 1064960K
  class space    used 1845K, capacity 2113K, committed 2176K, reserved 1048576K
}
Event: 407,890 GC heap before
{Heap before GC invocations=19 (full 0):
 garbage-first heap   total 32768K, used 15302K [0x00000000e3000000, 0x0000000100000000)
  region size 1024K, 3 young (3072K), 2 survivors (2048K)
 Metaspace       used 15763K, capacity 17252K, committed 17536K, reserved 1064960K
  class space    used 1845K, capacity 2113K, committed 2176K, reserved 1048576K
}
Event: 415,060 GC heap after
{Heap after GC invocations=20 (full 0):
 garbage-first heap   total 32768K, used 14309K [0x00000000e3000000, 0x0000000100000000)
  region size 1024K, 1 young (1024K), 1 survivors (1024K)
 Metaspace       used 15763K, capacity 17252K, committed 17536K, reserved 1064960K
  class space    used 1845K, capacity 2113K, committed 2176K, reserved 1048576K
}
Event: 443,788 GC heap before
{Heap before GC invocations=20 (full 0):
 garbage-first heap   total 32768K, used 15333K [0x00000000e3000000, 0x0000000100000000)
  region size 1024K, 2 young (2048K), 1 survivors (1024K)
 Metaspace       used 15763K, capacity 17252K, committed 17536K, reserved 1064960K
  class space    used 1845K, capacity 2113K, committed 2176K, reserved 1048576K
}

