# JRE version: OpenJDK Runtime Environment (11.0.4+11) (build 11.0.4+11-post-Ubuntu-1ubuntu218.04.3)
# Java VM: OpenJDK 64-Bit Server VM (11.0.4+11-post-Ubuntu-1ubuntu218.04.3, mixed mode, sharing, tiered, compressed oops, g1 gc, linux-amd64)
Heap:
 garbage-first heap   total 131072K, used 10286K [0x00000000e3000000, 0x0000000100000000)
  region size 1024K, 1 young (1024K), 1 survivors (1024K)
 Metaspace       used 13312K, capacity 14895K, committed 15104K, reserved 1062912K
  class space    used 1556K, capacity 1773K, committed 1792K, reserved 1048576K
GC Heap History (10 events):
Event: 23,721 GC heap after
{Heap after GC invocations=11 (full 0):
 garbage-first heap   total 65536K, used 5716K [0x00000000e3000000, 0x0000000100000000)
  region size 1024K, 2 young (2048K), 2 survivors (2048K)
 Metaspace       used 9934K, capacity 12329K, committed 12672K, reserved 1060864K
  class space    used 1255K, capacity 1548K, committed 1664K, reserved 1048576K
}
Event: 28,165 GC heap before
{Heap before GC invocations=11 (full 0):
 garbage-first heap   total 65536K, used 19028K [0x00000000e3000000, 0x0000000100000000)
  region size 1024K, 15 young (15360K), 2 survivors (2048K)
 Metaspace       used 12348K, capacity 14126K, committed 14592K, reserved 1062912K
  class space    used 1479K, capacity 1691K, committed 1792K, reserved 1048576K
}
Event: 28,236 GC heap after
{Heap after GC invocations=12 (full 0):
 garbage-first heap   total 65536K, used 6804K [0x00000000e3000000, 0x0000000100000000)
  region size 1024K, 2 young (2048K), 2 survivors (2048K)
 Metaspace       used 12348K, capacity 14126K, committed 14592K, reserved 1062912K
  class space    used 1479K, capacity 1691K, committed 1792K, reserved 1048576K
}
Event: 30,215 GC heap before
{Heap before GC invocations=12 (full 0):
 garbage-first heap   total 65536K, used 21140K [0x00000000e3000000, 0x0000000100000000)
  region size 1024K, 16 young (16384K), 2 survivors (2048K)
 Metaspace       used 12596K, capacity 14362K, committed 14592K, reserved 1062912K
  class space    used 1495K, capacity 1727K, committed 1792K, reserved 1048576K
}
Event: 30,266 GC heap after
{Heap after GC invocations=13 (full 0):
 garbage-first heap   total 65536K, used 7929K [0x00000000e3000000, 0x0000000100000000)
  region size 1024K, 2 young (2048K), 2 survivors (2048K)
 Metaspace       used 12596K, capacity 14362K, committed 14592K, reserved 1062912K
  class space    used 1495K, capacity 1727K, committed 1792K, reserved 1048576K
}
Event: 32,704 GC heap before
{Heap before GC invocations=13 (full 0):
 garbage-first heap   total 65536K, used 24313K [0x00000000e3000000, 0x0000000100000000)
  region size 1024K, 18 young (18432K), 2 survivors (2048K)
 Metaspace       used 12778K, capacity 14513K, committed 14848K, reserved 1062912K
  class space    used 1502K, capacity 1734K, committed 1792K, reserved 1048576K
}
Event: 32,798 GC heap after
{Heap after GC invocations=14 (full 0):
 garbage-first heap   total 65536K, used 8582K [0x00000000e3000000, 0x0000000100000000)
  region size 1024K, 2 young (2048K), 2 survivors (2048K)
 Metaspace       used 12778K, capacity 14513K, committed 14848K, reserved 1062912K
  class space    used 1502K, capacity 1734K, committed 1792K, reserved 1048576K
}
Event: 40,301 GC heap before
{Heap before GC invocations=14 (full 0):
 garbage-first heap   total 65536K, used 27014K [0x00000000e3000000, 0x0000000100000000)
  region size 1024K, 20 young (20480K), 2 survivors (2048K)
 Metaspace       used 13033K, capacity 14651K, committed 14848K, reserved 1062912K
  class space    used 1515K, capacity 1737K, committed 1792K, reserved 1048576K
}
Event: 41,519 GC heap after
{Heap after GC invocations=15 (full 0):
 garbage-first heap   total 65536K, used 10224K [0x00000000e3000000, 0x0000000100000000)
  region size 1024K, 3 young (3072K), 3 survivors (3072K)
 Metaspace       used 13033K, capacity 14651K, committed 14848K, reserved 1062912K
  class space    used 1515K, capacity 1737K, committed 1792K, reserved 1048576K
}
Event: 47,369 GC heap before
{Heap before GC invocations=15 (full 0):
 garbage-first heap   total 65536K, used 12272K [0x00000000e3000000, 0x0000000100000000)
  region size 1024K, 5 young (5120K), 3 survivors (3072K)
 Metaspace       used 13312K, capacity 14895K, committed 15104K, reserved 1062912K
  class space    used 1556K, capacity 1773K, committed 1792K, reserved 1048576K
}

