# JRE version: OpenJDK Runtime Environment (11.0.4+11) (build 11.0.4+11-post-Ubuntu-1ubuntu218.04.3)
# Java VM: OpenJDK 64-Bit Server VM (11.0.4+11-post-Ubuntu-1ubuntu218.04.3, mixed mode, sharing, tiered, compressed oops, g1 gc, linux-amd64)
Heap:
 garbage-first heap   total 159744K, used 40545K [0x00000000e3000000, 0x0000000100000000)
  region size 1024K, 1 young (1024K), 1 survivors (1024K)
 Metaspace       used 26329K, capacity 27001K, committed 27392K, reserved 1073152K
  class space    used 2952K, capacity 3207K, committed 3328K, reserved 1048576K
GC Heap History (10 events):
Event: 24,954 GC heap after
{Heap after GC invocations=32 (full 0):
 garbage-first heap   total 58368K, used 36561K [0x00000000e3000000, 0x0000000100000000)
  region size 1024K, 2 young (2048K), 2 survivors (2048K)
 Metaspace       used 24682K, capacity 25347K, committed 25600K, reserved 1071104K
  class space    used 2820K, capacity 3066K, committed 3072K, reserved 1048576K
}
Event: 25,930 GC heap before
{Heap before GC invocations=32 (full 0):
 garbage-first heap   total 58368K, used 44753K [0x00000000e3000000, 0x0000000100000000)
  region size 1024K, 10 young (10240K), 2 survivors (2048K)
 Metaspace       used 25515K, capacity 26226K, committed 26496K, reserved 1073152K
  class space    used 2910K, capacity 3163K, committed 3200K, reserved 1048576K
}
Event: 26,034 GC heap after
{Heap after GC invocations=33 (full 0):
 garbage-first heap   total 71680K, used 38030K [0x00000000e3000000, 0x0000000100000000)
  region size 1024K, 2 young (2048K), 2 survivors (2048K)
 Metaspace       used 25515K, capacity 26226K, committed 26496K, reserved 1073152K
  class space    used 2910K, capacity 3163K, committed 3200K, reserved 1048576K
}
Event: 41,153 GC heap before
{Heap before GC invocations=34 (full 0):
 garbage-first heap   total 71680K, used 50318K [0x00000000e3000000, 0x0000000100000000)
  region size 1024K, 14 young (14336K), 2 survivors (2048K)
 Metaspace       used 26201K, capacity 26862K, committed 27136K, reserved 1073152K
  class space    used 2941K, capacity 3203K, committed 3328K, reserved 1048576K
}
Event: 41,725 GC heap after
{Heap after GC invocations=35 (full 0):
 garbage-first heap   total 71680K, used 39194K [0x00000000e3000000, 0x0000000100000000)
  region size 1024K, 2 young (2048K), 2 survivors (2048K)
 Metaspace       used 26201K, capacity 26862K, committed 27136K, reserved 1073152K
  class space    used 2941K, capacity 3203K, committed 3328K, reserved 1048576K
}
Event: 50,870 GC heap before
{Heap before GC invocations=35 (full 0):
 garbage-first heap   total 71680K, used 40218K [0x00000000e3000000, 0x0000000100000000)
  region size 1024K, 3 young (3072K), 2 survivors (2048K)
 Metaspace       used 26207K, capacity 26990K, committed 27392K, reserved 1073152K
  class space    used 2941K, capacity 3203K, committed 3328K, reserved 1048576K
}
Event: 51,238 GC heap after
{Heap after GC invocations=36 (full 0):
 garbage-first heap   total 71680K, used 39262K [0x00000000e3000000, 0x0000000100000000)
  region size 1024K, 1 young (1024K), 1 survivors (1024K)
 Metaspace       used 26207K, capacity 26990K, committed 27392K, reserved 1073152K
  class space    used 2941K, capacity 3203K, committed 3328K, reserved 1048576K
}
Event: 62,506 GC heap before
{Heap before GC invocations=37 (full 0):
 garbage-first heap   total 71680K, used 39262K [0x00000000e3000000, 0x0000000100000000)
  region size 1024K, 2 young (2048K), 1 survivors (1024K)
 Metaspace       used 26218K, capacity 26990K, committed 27392K, reserved 1073152K
  class space    used 2941K, capacity 3203K, committed 3328K, reserved 1048576K
}
Event: 63,381 GC heap after
{Heap after GC invocations=38 (full 0):
 garbage-first heap   total 71680K, used 39245K [0x00000000e3000000, 0x0000000100000000)
  region size 1024K, 1 young (1024K), 1 survivors (1024K)
 Metaspace       used 26218K, capacity 26990K, committed 27392K, reserved 1073152K
  class space    used 2941K, capacity 3203K, committed 3328K, reserved 1048576K
}
Event: 81,318 GC heap before
{Heap before GC invocations=39 (full 0):
 garbage-first heap   total 71680K, used 41293K [0x00000000e3000000, 0x0000000100000000)
  region size 1024K, 3 young (3072K), 1 survivors (1024K)
 Metaspace       used 26329K, capacity 27001K, committed 27392K, reserved 1073152K
  class space    used 2952K, capacity 3207K, committed 3328K, reserved 1048576K
}

