# JRE version: OpenJDK Runtime Environment (11.0.4+11) (build 11.0.4+11-post-Ubuntu-1ubuntu218.04.3)
# Java VM: OpenJDK 64-Bit Server VM (11.0.4+11-post-Ubuntu-1ubuntu218.04.3, mixed mode, sharing, tiered, compressed oops, g1 gc, linux-amd64)
Heap:
 garbage-first heap   total 73728K, used 15399K [0x00000000e3000000, 0x0000000100000000)
  region size 1024K, 1 young (1024K), 1 survivors (1024K)
 Metaspace       used 17884K, capacity 19209K, committed 19584K, reserved 1067008K
  class space    used 2082K, capacity 2346K, committed 2432K, reserved 1048576K
GC Heap History (10 events):
Event: 28,196 GC heap after
{Heap after GC invocations=15 (full 0):
 garbage-first heap   total 39936K, used 12530K [0x00000000e3000000, 0x0000000100000000)
  region size 1024K, 3 young (3072K), 3 survivors (3072K)
 Metaspace       used 14094K, capacity 15627K, committed 16000K, reserved 1062912K
  class space    used 1603K, capacity 1849K, committed 1920K, reserved 1048576K
}
Event: 32,477 GC heap before
{Heap before GC invocations=15 (full 0):
 garbage-first heap   total 39936K, used 27890K [0x00000000e3000000, 0x0000000100000000)
  region size 1024K, 18 young (18432K), 3 survivors (3072K)
 Metaspace       used 15573K, capacity 17027K, committed 17280K, reserved 1064960K
  class space    used 1827K, capacity 2081K, committed 2176K, reserved 1048576K
}
Event: 32,860 GC heap after
{Heap after GC invocations=16 (full 0):
 garbage-first heap   total 39936K, used 13618K [0x00000000e3000000, 0x0000000100000000)
  region size 1024K, 3 young (3072K), 3 survivors (3072K)
 Metaspace       used 15573K, capacity 17027K, committed 17280K, reserved 1064960K
  class space    used 1827K, capacity 2081K, committed 2176K, reserved 1048576K
}
Event: 45,548 GC heap before
{Heap before GC invocations=16 (full 0):
 garbage-first heap   total 39936K, used 28978K [0x00000000e3000000, 0x0000000100000000)
  region size 1024K, 18 young (18432K), 3 survivors (3072K)
 Metaspace       used 16000K, capacity 17470K, committed 17792K, reserved 1064960K
  class space    used 1860K, capacity 2122K, committed 2176K, reserved 1048576K
}
Event: 45,596 GC heap after
{Heap after GC invocations=17 (full 0):
 garbage-first heap   total 39936K, used 14271K [0x00000000e3000000, 0x0000000100000000)
  region size 1024K, 2 young (2048K), 2 survivors (2048K)
 Metaspace       used 16000K, capacity 17470K, committed 17792K, reserved 1064960K
  class space    used 1860K, capacity 2122K, committed 2176K, reserved 1048576K
}
Event: 253,527 GC heap before
{Heap before GC invocations=17 (full 0):
 garbage-first heap   total 39936K, used 29631K [0x00000000e3000000, 0x0000000100000000)
  region size 1024K, 17 young (17408K), 2 survivors (2048K)
 Metaspace       used 17883K, capacity 19209K, committed 19584K, reserved 1067008K
  class space    used 2082K, capacity 2346K, committed 2432K, reserved 1048576K
}
Event: 254,483 GC heap after
{Heap after GC invocations=18 (full 0):
 garbage-first heap   total 39936K, used 15457K [0x00000000e3000000, 0x0000000100000000)
  region size 1024K, 2 young (2048K), 2 survivors (2048K)
 Metaspace       used 17883K, capacity 19209K, committed 19584K, reserved 1067008K
  class space    used 2082K, capacity 2346K, committed 2432K, reserved 1048576K
}
Event: 256,095 GC heap before
{Heap before GC invocations=18 (full 0):
 garbage-first heap   total 39936K, used 16481K [0x00000000e3000000, 0x0000000100000000)
  region size 1024K, 3 young (3072K), 2 survivors (2048K)
 Metaspace       used 17883K, capacity 19209K, committed 19584K, reserved 1067008K
  class space    used 2082K, capacity 2346K, committed 2432K, reserved 1048576K
}
Event: 257,702 GC heap after
{Heap after GC invocations=19 (full 0):
 garbage-first heap   total 39936K, used 15396K [0x00000000e3000000, 0x0000000100000000)
  region size 1024K, 1 young (1024K), 1 survivors (1024K)
 Metaspace       used 17883K, capacity 19209K, committed 19584K, reserved 1067008K
  class space    used 2082K, capacity 2346K, committed 2432K, reserved 1048576K
}
Event: 257,843 GC heap before
{Heap before GC invocations=19 (full 0):
 garbage-first heap   total 39936K, used 15396K [0x00000000e3000000, 0x0000000100000000)
  region size 1024K, 2 young (2048K), 1 survivors (1024K)
 Metaspace       used 17884K, capacity 19209K, committed 19584K, reserved 1067008K
  class space    used 2082K, capacity 2346K, committed 2432K, reserved 1048576K
}

