# JRE version: OpenJDK Runtime Environment (11.0.4+11) (build 11.0.4+11-post-Ubuntu-1ubuntu218.04.3)
# Java VM: OpenJDK 64-Bit Server VM (11.0.4+11-post-Ubuntu-1ubuntu218.04.3, mixed mode, sharing, tiered, compressed oops, g1 gc, linux-amd64)
Heap:
 garbage-first heap   total 114688K, used 38166K [0x00000000e3000000, 0x0000000100000000)
  region size 1024K, 1 young (1024K), 1 survivors (1024K)
 Metaspace       used 25934K, capacity 26654K, committed 26752K, reserved 1073152K
  class space    used 2939K, capacity 3198K, committed 3200K, reserved 1048576K
GC Heap History (10 events):
Event: 36,221 GC heap after
{Heap after GC invocations=30 (full 0):
 garbage-first heap   total 48128K, used 32571K [0x00000000e3000000, 0x0000000100000000)
  region size 1024K, 1 young (1024K), 1 survivors (1024K)
 Metaspace       used 24086K, capacity 24740K, committed 25088K, reserved 1071104K
  class space    used 2793K, capacity 3017K, committed 3072K, reserved 1048576K
}
Event: 36,314 GC heap before
{Heap before GC invocations=30 (full 0):
 garbage-first heap   total 48128K, used 36667K [0x00000000e3000000, 0x0000000100000000)
  region size 1024K, 5 young (5120K), 1 survivors (1024K)
 Metaspace       used 24107K, capacity 24743K, committed 25088K, reserved 1071104K
  class space    used 2793K, capacity 3017K, committed 3072K, reserved 1048576K
}
Event: 36,345 GC heap after
{Heap after GC invocations=31 (full 0):
 garbage-first heap   total 58368K, used 33175K [0x00000000e3000000, 0x0000000100000000)
  region size 1024K, 1 young (1024K), 1 survivors (1024K)
 Metaspace       used 24107K, capacity 24743K, committed 25088K, reserved 1071104K
  class space    used 2793K, capacity 3017K, committed 3072K, reserved 1048576K
}
Event: 36,788 GC heap before
{Heap before GC invocations=32 (full 0):
 garbage-first heap   total 58368K, used 40343K [0x00000000e3000000, 0x0000000100000000)
  region size 1024K, 8 young (8192K), 1 survivors (1024K)
 Metaspace       used 24286K, capacity 24978K, committed 25088K, reserved 1071104K
  class space    used 2808K, capacity 3052K, committed 3072K, reserved 1048576K
}
Event: 36,798 GC heap after
{Heap after GC invocations=33 (full 0):
 garbage-first heap   total 58368K, used 34391K [0x00000000e3000000, 0x0000000100000000)
  region size 1024K, 1 young (1024K), 1 survivors (1024K)
 Metaspace       used 24286K, capacity 24978K, committed 25088K, reserved 1071104K
  class space    used 2808K, capacity 3052K, committed 3072K, reserved 1048576K
}
Event: 38,140 GC heap before
{Heap before GC invocations=33 (full 0):
 garbage-first heap   total 58368K, used 41559K [0x00000000e3000000, 0x0000000100000000)
  region size 1024K, 9 young (9216K), 1 survivors (1024K)
 Metaspace       used 24641K, capacity 25345K, committed 25600K, reserved 1071104K
  class space    used 2821K, capacity 3066K, committed 3072K, reserved 1048576K
}
Event: 38,200 GC heap after
{Heap after GC invocations=34 (full 0):
 garbage-first heap   total 58368K, used 36040K [0x00000000e3000000, 0x0000000100000000)
  region size 1024K, 2 young (2048K), 2 survivors (2048K)
 Metaspace       used 24641K, capacity 25345K, committed 25600K, reserved 1071104K
  class space    used 2821K, capacity 3066K, committed 3072K, reserved 1048576K
}
Event: 39,024 GC heap before
{Heap before GC invocations=35 (full 0):
 garbage-first heap   total 58368K, used 43208K [0x00000000e3000000, 0x0000000100000000)
  region size 1024K, 9 young (9216K), 2 survivors (2048K)
 Metaspace       used 24788K, capacity 25430K, committed 25600K, reserved 1071104K
  class space    used 2834K, capacity 3069K, committed 3072K, reserved 1048576K
}
Event: 39,105 GC heap after
{Heap after GC invocations=36 (full 0):
 garbage-first heap   total 58368K, used 37422K [0x00000000e3000000, 0x0000000100000000)
  region size 1024K, 2 young (2048K), 2 survivors (2048K)
 Metaspace       used 24788K, capacity 25430K, committed 25600K, reserved 1071104K
  class space    used 2834K, capacity 3069K, committed 3072K, reserved 1048576K
}
Event: 49,350 GC heap before
{Heap before GC invocations=36 (full 0):
 garbage-first heap   total 58368K, used 43566K [0x00000000e3000000, 0x0000000100000000)
  region size 1024K, 8 young (8192K), 2 survivors (2048K)
 Metaspace       used 25934K, capacity 26654K, committed 26752K, reserved 1073152K
  class space    used 2939K, capacity 3198K, committed 3200K, reserved 1048576K
}

