# JRE version: OpenJDK Runtime Environment (11.0.4+11) (build 11.0.4+11-post-Ubuntu-1ubuntu218.04.3)
# Java VM: OpenJDK 64-Bit Server VM (11.0.4+11-post-Ubuntu-1ubuntu218.04.3, mixed mode, sharing, tiered, compressed oops, g1 gc, linux-amd64)
Heap:
 garbage-first heap   total 160768K, used 47357K [0x00000000e3000000, 0x0000000100000000)
  region size 1024K, 3 young (3072K), 3 survivors (3072K)
 Metaspace       used 26960K, capacity 27728K, committed 27904K, reserved 1073152K
  class space    used 2987K, capacity 3255K, committed 3328K, reserved 1048576K
GC Heap History (10 events):
Event: 34,322 GC heap after
{Heap after GC invocations=39 (full 0):
 garbage-first heap   total 56320K, used 37833K [0x00000000e3000000, 0x0000000100000000)
  region size 1024K, 1 young (1024K), 1 survivors (1024K)
 Metaspace       used 24118K, capacity 24760K, committed 25088K, reserved 1071104K
  class space    used 2791K, capacity 3024K, committed 3072K, reserved 1048576K
}
Event: 34,425 GC heap before
{Heap before GC invocations=39 (full 0):
 garbage-first heap   total 56320K, used 42953K [0x00000000e3000000, 0x0000000100000000)
  region size 1024K, 6 young (6144K), 1 survivors (1024K)
 Metaspace       used 24159K, capacity 24824K, committed 25088K, reserved 1071104K
  class space    used 2793K, capacity 3024K, committed 3072K, reserved 1048576K
}
Event: 34,434 GC heap after
{Heap after GC invocations=40 (full 0):
 garbage-first heap   total 95232K, used 38688K [0x00000000e3000000, 0x0000000100000000)
  region size 1024K, 1 young (1024K), 1 survivors (1024K)
 Metaspace       used 24159K, capacity 24824K, committed 25088K, reserved 1071104K
  class space    used 2793K, capacity 3024K, committed 3072K, reserved 1048576K
}
Event: 36,129 GC heap before
{Heap before GC invocations=41 (full 0):
 garbage-first heap   total 95232K, used 56096K [0x00000000e3000000, 0x0000000100000000)
  region size 1024K, 18 young (18432K), 1 survivors (1024K)
 Metaspace       used 24699K, capacity 25366K, committed 25728K, reserved 1071104K
  class space    used 2824K, capacity 3074K, committed 3200K, reserved 1048576K
}
Event: 36,203 GC heap after
{Heap after GC invocations=42 (full 0):
 garbage-first heap   total 95232K, used 41592K [0x00000000e3000000, 0x0000000100000000)
  region size 1024K, 3 young (3072K), 3 survivors (3072K)
 Metaspace       used 24699K, capacity 25366K, committed 25728K, reserved 1071104K
  class space    used 2824K, capacity 3074K, committed 3200K, reserved 1048576K
}
Event: 37,688 GC heap before
{Heap before GC invocations=42 (full 0):
 garbage-first heap   total 95232K, used 60024K [0x00000000e3000000, 0x0000000100000000)
  region size 1024K, 20 young (20480K), 3 survivors (3072K)
 Metaspace       used 24999K, capacity 25651K, committed 25984K, reserved 1073152K
  class space    used 2837K, capacity 3077K, committed 3200K, reserved 1048576K
}
Event: 37,737 GC heap after
{Heap after GC invocations=43 (full 0):
 garbage-first heap   total 95232K, used 45431K [0x00000000e3000000, 0x0000000100000000)
  region size 1024K, 3 young (3072K), 3 survivors (3072K)
 Metaspace       used 24999K, capacity 25651K, committed 25984K, reserved 1073152K
  class space    used 2837K, capacity 3077K, committed 3200K, reserved 1048576K
}
Event: 47,470 GC heap before
{Heap before GC invocations=43 (full 0):
 garbage-first heap   total 95232K, used 62839K [0x00000000e3000000, 0x0000000100000000)
  region size 1024K, 20 young (20480K), 3 survivors (3072K)
 Metaspace       used 26419K, capacity 27142K, committed 27392K, reserved 1073152K
  class space    used 2947K, capacity 3210K, committed 3328K, reserved 1048576K
}
Event: 47,581 GC heap after
{Heap after GC invocations=44 (full 0):
 garbage-first heap   total 95232K, used 47087K [0x00000000e3000000, 0x0000000100000000)
  region size 1024K, 2 young (2048K), 2 survivors (2048K)
 Metaspace       used 26419K, capacity 27142K, committed 27392K, reserved 1073152K
  class space    used 2947K, capacity 3210K, committed 3328K, reserved 1048576K
}
Event: 61,958 GC heap before
{Heap before GC invocations=45 (full 0):
 garbage-first heap   total 95232K, used 65519K [0x00000000e3000000, 0x0000000100000000)
  region size 1024K, 20 young (20480K), 2 survivors (2048K)
 Metaspace       used 26960K, capacity 27728K, committed 27904K, reserved 1073152K
  class space    used 2987K, capacity 3255K, committed 3328K, reserved 1048576K
}

