# JRE version: OpenJDK Runtime Environment (11.0.4+11) (build 11.0.4+11-post-Ubuntu-1ubuntu218.04.3)
# Java VM: OpenJDK 64-Bit Server VM (11.0.4+11-post-Ubuntu-1ubuntu218.04.3, mixed mode, sharing, tiered, compressed oops, g1 gc, linux-amd64)
Heap:
 garbage-first heap   total 92160K, used 31906K [0x00000000e3000000, 0x0000000100000000)
  region size 1024K, 1 young (1024K), 1 survivors (1024K)
 Metaspace       used 26794K, capacity 27598K, committed 27824K, reserved 1073152K
  class space    used 3033K, capacity 3324K, committed 3328K, reserved 1048576K
GC Heap History (10 events):
Event: 50,051 GC heap after
{Heap after GC invocations=33 (full 0):
 garbage-first heap   total 61440K, used 37609K [0x00000000e3000000, 0x0000000100000000)
  region size 1024K, 2 young (2048K), 2 survivors (2048K)
 Metaspace       used 25646K, capacity 26379K, committed 26416K, reserved 1073152K
  class space    used 2933K, capacity 3197K, committed 3200K, reserved 1048576K
}
Event: 82,830 GC heap before
{Heap before GC invocations=34 (full 0):
 garbage-first heap   total 61440K, used 45801K [0x00000000e3000000, 0x0000000100000000)
  region size 1024K, 10 young (10240K), 2 survivors (2048K)
 Metaspace       used 26044K, capacity 26738K, committed 27056K, reserved 1073152K
  class space    used 2951K, capacity 3208K, committed 3328K, reserved 1048576K
}
Event: 83,418 GC heap after
{Heap after GC invocations=35 (full 0):
 garbage-first heap   total 61440K, used 38850K [0x00000000e3000000, 0x0000000100000000)
  region size 1024K, 2 young (2048K), 2 survivors (2048K)
 Metaspace       used 26044K, capacity 26738K, committed 27056K, reserved 1073152K
  class space    used 2951K, capacity 3208K, committed 3328K, reserved 1048576K
}
Event: 120,669 GC heap before
{Heap before GC invocations=35 (full 0):
 garbage-first heap   total 61440K, used 46018K [0x00000000e3000000, 0x0000000100000000)
  region size 1024K, 9 young (9216K), 2 survivors (2048K)
 Metaspace       used 26188K, capacity 26919K, committed 27056K, reserved 1073152K
  class space    used 2964K, capacity 3243K, committed 3328K, reserved 1048576K
}
Event: 120,724 GC heap after
{Heap after GC invocations=36 (full 0):
 garbage-first heap   total 61440K, used 39311K [0x00000000e3000000, 0x0000000100000000)
  region size 1024K, 1 young (1024K), 1 survivors (1024K)
 Metaspace       used 26188K, capacity 26919K, committed 27056K, reserved 1073152K
  class space    used 2964K, capacity 3243K, committed 3328K, reserved 1048576K
}
Event: 136,552 GC heap before
{Heap before GC invocations=37 (full 0):
 garbage-first heap   total 61440K, used 45455K [0x00000000e3000000, 0x0000000100000000)
  region size 1024K, 9 young (9216K), 1 survivors (1024K)
 Metaspace       used 26551K, capacity 27302K, committed 27568K, reserved 1073152K
  class space    used 2995K, capacity 3288K, committed 3328K, reserved 1048576K
}
Event: 136,778 GC heap after
{Heap after GC invocations=38 (full 0):
 garbage-first heap   total 61440K, used 37550K [0x00000000e3000000, 0x0000000100000000)
  region size 1024K, 1 young (1024K), 1 survivors (1024K)
 Metaspace       used 26551K, capacity 27302K, committed 27568K, reserved 1073152K
  class space    used 2995K, capacity 3288K, committed 3328K, reserved 1048576K
}
Event: 151,202 GC heap before
{Heap before GC invocations=38 (full 0):
 garbage-first heap   total 61440K, used 39598K [0x00000000e3000000, 0x0000000100000000)
  region size 1024K, 3 young (3072K), 1 survivors (1024K)
 Metaspace       used 26579K, capacity 27366K, committed 27568K, reserved 1073152K
  class space    used 3000K, capacity 3288K, committed 3328K, reserved 1048576K
}
Event: 151,729 GC heap after
{Heap after GC invocations=39 (full 0):
 garbage-first heap   total 61440K, used 33475K [0x00000000e3000000, 0x0000000100000000)
  region size 1024K, 1 young (1024K), 1 survivors (1024K)
 Metaspace       used 26579K, capacity 27366K, committed 27568K, reserved 1073152K
  class space    used 3000K, capacity 3288K, committed 3328K, reserved 1048576K
}
Event: 179,624 GC heap before
{Heap before GC invocations=39 (full 0):
 garbage-first heap   total 61440K, used 35523K [0x00000000e3000000, 0x0000000100000000)
  region size 1024K, 3 young (3072K), 1 survivors (1024K)
 Metaspace       used 26794K, capacity 27598K, committed 27824K, reserved 1073152K
  class space    used 3033K, capacity 3324K, committed 3328K, reserved 1048576K
}

